2025-11-25 15:46:52 - libs.auxiliary - INFO: create folder eye_hand_data/data20251125
2025-11-25 15:46:55 - __main__ - INFO: 开始手眼标定程序，当前程序版号V1.0.0
2025-11-25 15:47:45 - libs.auxiliary - INFO: create folder eye_hand_data/data2025112501
2025-11-25 15:47:49 - __main__ - INFO: 开始手眼标定程序，当前程序版号V1.0.0
2025-11-25 15:48:46 - libs.auxiliary - INFO: create folder eye_hand_data/data2025112502
2025-11-25 15:48:50 - __main__ - INFO: 开始手眼标定程序，当前程序版号V1.0.0
2025-11-25 15:50:50 - libs.auxiliary - INFO: create folder eye_hand_data/data2025112503
2025-11-25 15:50:53 - __main__ - INFO: 开始手眼标定程序，当前程序版号V1.0.0
2025-11-25 15:51:47 - libs.auxiliary - INFO: create folder eye_hand_data/data2025112504
2025-11-25 15:51:50 - __main__ - INFO: 开始手眼标定程序，当前程序版号V1.0.0
2025-11-25 15:52:33 - libs.auxiliary - INFO: create folder eye_hand_data/data2025112505
2025-11-25 15:52:37 - __main__ - INFO: 开始手眼标定程序，当前程序版号V1.0.0
2025-11-25 15:58:35 - libs.auxiliary - INFO: create folder eye_hand_data/data2025112506
2025-11-25 15:58:38 - __main__ - INFO: 开始手眼标定程序，当前程序版号V1.0.0
2025-11-25 16:11:16 - libs.auxiliary - INFO: create folder eye_hand_data/data2025112507
2025-11-25 16:11:16 - __main__ - ERROR: 相机连接异常：Couldn't resolve requests
2025-11-25 16:11:46 - libs.auxiliary - INFO: create folder eye_hand_data/data2025112508
2025-11-25 16:11:46 - __main__ - ERROR: 相机连接异常：Couldn't resolve requests
2025-11-25 16:11:57 - libs.auxiliary - INFO: create folder eye_hand_data/data2025112509
2025-11-25 16:11:58 - __main__ - INFO: 开始手眼标定程序，当前程序版号V1.0.0
2025-11-25 16:12:21 - __main__ - INFO: 获取状态：成功，当前位姿为[-252.999711, -694.878608, 237.93484, 1.9937368506159743, -0.41167697168016204, -0.2485896364626276]
2025-11-25 16:12:21 - __main__ - INFO: ===采集第1次数据！
2025-11-25 16:12:34 - __main__ - INFO: 获取状态：成功，当前位姿为[-255.418903, -704.168009, 173.577074, 2.6221102021257376, -1.0544364613488768, -1.054598462810047]
2025-11-25 16:12:34 - __main__ - INFO: ===采集第2次数据！
2025-11-25 16:13:43 - __main__ - INFO: 获取状态：成功，当前位姿为[-234.983852, -696.881376, 223.763033, 1.6361836211442924, -0.8856719540470404, -0.09726859547704557]
2025-11-25 16:13:43 - __main__ - INFO: ===采集第3次数据！
2025-11-25 16:14:06 - __main__ - INFO: 获取状态：成功，当前位姿为[-71.608363, -755.126272, 244.917957, 1.79785168952069, -0.8297866859311072, -0.25875623171537215]
2025-11-25 16:14:06 - __main__ - INFO: ===采集第4次数据！
2025-11-25 16:14:19 - __main__ - INFO: 获取状态：成功，当前位姿为[-227.029841, -584.403943, 148.757979, 2.7127457785003344, -0.16739231199062612, -0.9722402151327889]
2025-11-25 16:14:19 - __main__ - INFO: ===采集第5次数据！
2025-11-25 16:14:32 - __main__ - INFO: 获取状态：成功，当前位姿为[-367.078731, -571.205428, 175.669758, 2.19204559336387, 0.16931330863183366, -1.2170752644019414]
2025-11-25 16:14:32 - __main__ - INFO: ===采集第6次数据！
2025-11-25 16:14:44 - __main__ - INFO: 获取状态：成功，当前位姿为[-194.112968, -566.055523, 150.170138, 2.9210959938468988, -0.2672766149643431, -0.9883756095345514]
2025-11-25 16:14:44 - __main__ - INFO: ===采集第7次数据！
2025-11-25 16:14:53 - __main__ - INFO: 获取状态：成功，当前位姿为[-179.06798, -605.467596, 187.822475, 3.0687712165579906, -0.512898511020172, -1.4675775548319518]
2025-11-25 16:14:53 - __main__ - INFO: ===采集第8次数据！
2025-11-25 16:15:03 - __main__ - INFO: 获取状态：成功，当前位姿为[-209.895595, -620.115885, 105.562111, 2.9058864268001496, -0.4124039362202027, -1.1134135976880106]
2025-11-25 16:15:03 - __main__ - INFO: ===采集第9次数据！
2025-11-25 16:15:12 - __main__ - INFO: 获取状态：成功，当前位姿为[-363.431433, -587.126547, 177.349614, 2.3108432265899936, -0.0487277775732596, -1.2607507675762828]
2025-11-25 16:15:12 - __main__ - INFO: ===采集第10次数据！
2025-11-25 16:15:22 - __main__ - INFO: 获取状态：成功，当前位姿为[-161.20392, -516.918961, 153.807241, -3.1196036343163525, -0.030842027371257155, -1.1077302471381563]
2025-11-25 16:15:22 - __main__ - INFO: ===采集第11次数据！
2025-11-25 16:15:31 - __main__ - INFO: 获取状态：成功，当前位姿为[-16.57942, -581.542317, 177.479613, -3.0565501593361377, -0.1880727182975069, -1.3577301270896878]
2025-11-25 16:15:32 - __main__ - INFO: ===采集第12次数据！
2025-11-25 16:15:42 - __main__ - INFO: 获取状态：成功，当前位姿为[-380.803252, -559.830579, 114.943471, 2.813107516290934, 0.18219399559118452, -0.5753810888020587]
2025-11-25 16:15:42 - __main__ - INFO: ===采集第13次数据！
2025-11-25 16:15:55 - __main__ - INFO: 获取状态：成功，当前位姿为[-225.200377, -711.389285, 274.125454, 2.890881482154904, -0.2531763093769911, -0.6701018351837505]
2025-11-25 16:15:55 - __main__ - INFO: ===采集第14次数据！
2025-11-25 16:16:07 - __main__ - INFO: 获取状态：成功，当前位姿为[-326.763551, -639.337161, 260.735781, 2.8095772388129254, 0.362689366941158, -0.7384526811497403]
2025-11-25 16:16:07 - __main__ - INFO: ===采集第15次数据！
2025-11-25 16:48:54 - __main__ - INFO: current_path： /home/zsl/lzk/project_11.19/Modules/hand_eye_calibration-main/eye_hand_data
2025-11-25 16:48:54 - __main__ - INFO: 读 eye_hand_data/data2025112509/1.jpg
2025-11-25 16:48:54 - __main__ - INFO: 读 eye_hand_data/data2025112509/2.jpg
2025-11-25 16:48:54 - __main__ - INFO: 读 eye_hand_data/data2025112509/3.jpg
2025-11-25 16:48:54 - __main__ - INFO: 读 eye_hand_data/data2025112509/4.jpg
2025-11-25 16:48:54 - __main__ - INFO: 读 eye_hand_data/data2025112509/5.jpg
2025-11-25 16:48:54 - __main__ - INFO: 读 eye_hand_data/data2025112509/6.jpg
2025-11-25 16:48:54 - __main__ - INFO: 读 eye_hand_data/data2025112509/7.jpg
2025-11-25 16:48:54 - __main__ - INFO: 读 eye_hand_data/data2025112509/8.jpg
2025-11-25 16:48:54 - __main__ - INFO: 读 eye_hand_data/data2025112509/9.jpg
2025-11-25 16:48:54 - __main__ - INFO: 读 eye_hand_data/data2025112509/10.jpg
2025-11-25 16:48:54 - __main__ - INFO: 读 eye_hand_data/data2025112509/11.jpg
2025-11-25 16:48:54 - __main__ - INFO: 读 eye_hand_data/data2025112509/12.jpg
2025-11-25 16:48:54 - __main__ - INFO: 读 eye_hand_data/data2025112509/13.jpg
2025-11-25 16:48:54 - __main__ - INFO: 读 eye_hand_data/data2025112509/14.jpg
2025-11-25 16:48:54 - __main__ - INFO: 读 eye_hand_data/data2025112509/15.jpg
2025-11-25 16:48:54 - __main__ - INFO: 内参矩阵:
:[[644.34325139   0.         656.21846065]
 [  0.         644.09205365 363.3521349 ]
 [  0.           0.           1.        ]]
2025-11-25 16:48:54 - __main__ - INFO: 畸变系数:
:[[-0.05120147  0.0499083   0.00068835  0.00064419 -0.01242437]]
2025-11-25 16:51:11 - __main__ - INFO: current_path： /home/zsl/lzk/project_11.19/Modules/hand_eye_calibration-main/eye_hand_data
2025-11-25 16:51:11 - __main__ - INFO: 读 eye_hand_data/data2025112509/1.jpg
2025-11-25 16:51:11 - __main__ - INFO: 读 eye_hand_data/data2025112509/2.jpg
2025-11-25 16:51:11 - __main__ - INFO: 读 eye_hand_data/data2025112509/3.jpg
2025-11-25 16:51:11 - __main__ - INFO: 读 eye_hand_data/data2025112509/4.jpg
2025-11-25 16:51:11 - __main__ - INFO: 读 eye_hand_data/data2025112509/5.jpg
2025-11-25 16:51:11 - __main__ - INFO: 读 eye_hand_data/data2025112509/6.jpg
2025-11-25 16:51:11 - __main__ - INFO: 读 eye_hand_data/data2025112509/7.jpg
2025-11-25 16:51:11 - __main__ - INFO: 读 eye_hand_data/data2025112509/8.jpg
2025-11-25 16:51:11 - __main__ - INFO: 读 eye_hand_data/data2025112509/9.jpg
2025-11-25 16:51:12 - __main__ - INFO: 读 eye_hand_data/data2025112509/10.jpg
2025-11-25 16:51:12 - __main__ - INFO: 读 eye_hand_data/data2025112509/11.jpg
2025-11-25 16:51:12 - __main__ - INFO: 读 eye_hand_data/data2025112509/12.jpg
2025-11-25 16:51:12 - __main__ - INFO: 读 eye_hand_data/data2025112509/13.jpg
2025-11-25 16:51:12 - __main__ - INFO: 读 eye_hand_data/data2025112509/14.jpg
2025-11-25 16:51:12 - __main__ - INFO: 读 eye_hand_data/data2025112509/15.jpg
2025-11-25 16:51:12 - __main__ - INFO: 内参矩阵:
:[[644.34325139   0.         656.21846065]
 [  0.         644.09205365 363.3521349 ]
 [  0.           0.           1.        ]]
2025-11-25 16:51:12 - __main__ - INFO: 畸变系数:
:[[-0.05120147  0.0499083   0.00068835  0.00064419 -0.01242437]]
2025-11-25 16:51:12 - __main__ - INFO: 旋转矩阵是:
 [[ 0.99994269 -0.01063235  0.00124942]
 [-0.0089074  -0.76156491  0.64802743]
 [-0.00593854 -0.64800142 -0.76161597]]
2025-11-25 16:51:12 - __main__ - INFO: 平移向量是:
 [[-200.21938692]
 [-607.65037156]
 [ 326.79270025]]
2025-11-25 16:51:12 - __main__ - INFO: 四元数是：
 [ 0.93849928 -0.00520505 -0.0012491  -0.3452397 ]
2025-11-25 18:08:26 - __main__ - INFO: current_path： /home/zsl/lzk/project_11.19/Modules/hand_eye_calibration-main/eye_hand_data
2025-11-25 18:08:26 - __main__ - INFO: 读 eye_hand_data/data2025112509/1.jpg
2025-11-25 18:08:26 - __main__ - INFO: 读 eye_hand_data/data2025112509/2.jpg
2025-11-25 18:08:26 - __main__ - INFO: 读 eye_hand_data/data2025112509/3.jpg
2025-11-25 18:08:26 - __main__ - INFO: 读 eye_hand_data/data2025112509/4.jpg
2025-11-25 18:08:26 - __main__ - INFO: 读 eye_hand_data/data2025112509/5.jpg
2025-11-25 18:08:26 - __main__ - INFO: 读 eye_hand_data/data2025112509/6.jpg
2025-11-25 18:08:26 - __main__ - INFO: 读 eye_hand_data/data2025112509/7.jpg
2025-11-25 18:08:26 - __main__ - INFO: 读 eye_hand_data/data2025112509/8.jpg
2025-11-25 18:08:26 - __main__ - INFO: 读 eye_hand_data/data2025112509/9.jpg
2025-11-25 18:08:26 - __main__ - INFO: 读 eye_hand_data/data2025112509/10.jpg
2025-11-25 18:08:26 - __main__ - INFO: 读 eye_hand_data/data2025112509/11.jpg
2025-11-25 18:08:26 - __main__ - INFO: 读 eye_hand_data/data2025112509/12.jpg
2025-11-25 18:08:26 - __main__ - INFO: 读 eye_hand_data/data2025112509/13.jpg
2025-11-25 18:08:26 - __main__ - INFO: 读 eye_hand_data/data2025112509/14.jpg
2025-11-25 18:08:26 - __main__ - INFO: 读 eye_hand_data/data2025112509/15.jpg
2025-11-25 18:08:26 - __main__ - INFO: 内参矩阵:
:[[644.34325139   0.         656.21846065]
 [  0.         644.09205365 363.3521349 ]
 [  0.           0.           1.        ]]
2025-11-25 18:08:26 - __main__ - INFO: 畸变系数:
:[[-0.05120147  0.0499083   0.00068835  0.00064419 -0.01242437]]
2025-11-25 18:08:26 - __main__ - INFO: 旋转矩阵是:
 [[ 0.99994269 -0.01063235  0.00124942]
 [-0.0089074  -0.76156491  0.64802743]
 [-0.00593854 -0.64800142 -0.76161597]]
2025-11-25 18:08:26 - __main__ - INFO: 平移向量是:
 [[-200.21938692]
 [-607.65037156]
 [ 326.79270025]]
2025-11-25 18:08:26 - __main__ - INFO: 四元数是：
 [ 0.93849928 -0.00520505 -0.0012491  -0.3452397 ]
2025-11-25 18:16:49 - __main__ - INFO: current_path： /home/zsl/lzk/project_11.19/Modules/hand_eye_calibration-main/eye_hand_data
2025-11-25 18:16:49 - __main__ - INFO: 读 eye_hand_data/data2025112509/1.jpg
2025-11-25 18:16:49 - __main__ - INFO: 读 eye_hand_data/data2025112509/2.jpg
2025-11-25 18:16:49 - __main__ - INFO: 读 eye_hand_data/data2025112509/3.jpg
2025-11-25 18:16:49 - __main__ - INFO: 读 eye_hand_data/data2025112509/4.jpg
2025-11-25 18:16:49 - __main__ - INFO: 读 eye_hand_data/data2025112509/5.jpg
2025-11-25 18:16:49 - __main__ - INFO: 读 eye_hand_data/data2025112509/6.jpg
2025-11-25 18:16:49 - __main__ - INFO: 读 eye_hand_data/data2025112509/7.jpg
2025-11-25 18:16:49 - __main__ - INFO: 读 eye_hand_data/data2025112509/8.jpg
2025-11-25 18:16:49 - __main__ - INFO: 读 eye_hand_data/data2025112509/9.jpg
2025-11-25 18:16:49 - __main__ - INFO: 读 eye_hand_data/data2025112509/10.jpg
2025-11-25 18:16:49 - __main__ - INFO: 读 eye_hand_data/data2025112509/11.jpg
2025-11-25 18:16:49 - __main__ - INFO: 读 eye_hand_data/data2025112509/12.jpg
2025-11-25 18:16:49 - __main__ - INFO: 读 eye_hand_data/data2025112509/13.jpg
2025-11-25 18:16:49 - __main__ - INFO: 读 eye_hand_data/data2025112509/14.jpg
2025-11-25 18:16:49 - __main__ - INFO: 读 eye_hand_data/data2025112509/15.jpg
2025-11-25 18:16:49 - __main__ - INFO: 内参矩阵:
:[[644.34325139   0.         656.21846065]
 [  0.         644.09205365 363.3521349 ]
 [  0.           0.           1.        ]]
2025-11-25 18:16:49 - __main__ - INFO: 畸变系数:
:[[-0.05120147  0.0499083   0.00068835  0.00064419 -0.01242437]]
2025-11-25 18:16:49 - __main__ - INFO: 旋转矩阵是:
 [[-0.04528585 -0.86216836 -0.5045938 ]
 [ 0.97113979 -0.15639989  0.18007384]
 [-0.23417238 -0.48187632  0.8443687 ]]
2025-11-25 18:16:49 - __main__ - INFO: 平移向量是:
 [[  58.57938661]
 [  36.20751177]
 [-156.83218873]]
2025-11-25 18:16:49 - __main__ - INFO: 四元数是：
 [-0.25823697 -0.10549557  0.7152018   0.64083597]
2025-11-25 18:25:58 - __main__ - INFO: current_path： /home/zsl/lzk/project_11.19/Modules/hand_eye_calibration-main/eye_hand_data
2025-11-25 18:25:58 - __main__ - INFO: 读 eye_hand_data/data2025112509/1.jpg
2025-11-25 18:25:58 - __main__ - INFO: 读 eye_hand_data/data2025112509/2.jpg
2025-11-25 18:25:58 - __main__ - INFO: 读 eye_hand_data/data2025112509/3.jpg
2025-11-25 18:25:58 - __main__ - INFO: 读 eye_hand_data/data2025112509/4.jpg
2025-11-25 18:25:58 - __main__ - INFO: 读 eye_hand_data/data2025112509/5.jpg
2025-11-25 18:25:58 - __main__ - INFO: 读 eye_hand_data/data2025112509/6.jpg
2025-11-25 18:25:58 - __main__ - INFO: 读 eye_hand_data/data2025112509/7.jpg
2025-11-25 18:25:58 - __main__ - INFO: 读 eye_hand_data/data2025112509/8.jpg
2025-11-25 18:25:58 - __main__ - INFO: 读 eye_hand_data/data2025112509/9.jpg
2025-11-25 18:25:58 - __main__ - INFO: 读 eye_hand_data/data2025112509/10.jpg
2025-11-25 18:25:58 - __main__ - INFO: 读 eye_hand_data/data2025112509/11.jpg
2025-11-25 18:25:58 - __main__ - INFO: 读 eye_hand_data/data2025112509/12.jpg
2025-11-25 18:25:58 - __main__ - INFO: 读 eye_hand_data/data2025112509/13.jpg
2025-11-25 18:25:58 - __main__ - INFO: 读 eye_hand_data/data2025112509/14.jpg
2025-11-25 18:25:58 - __main__ - INFO: 读 eye_hand_data/data2025112509/15.jpg
2025-11-25 18:25:58 - __main__ - INFO: 内参矩阵:
:[[644.34325139   0.         656.21846065]
 [  0.         644.09205365 363.3521349 ]
 [  0.           0.           1.        ]]
2025-11-25 18:25:58 - __main__ - INFO: 畸变系数:
:[[-0.05120147  0.0499083   0.00068835  0.00064419 -0.01242437]]
2025-11-25 18:25:58 - __main__ - INFO: 标定板相对相机的旋转矩阵:
:(array([[-0.00551718],
       [-0.4731482 ],
       [-1.46505098]]), array([[-0.6464397 ],
       [ 0.20584612],
       [-1.56157939]]), array([[-0.6125882 ],
       [-0.44031571],
       [-1.5273556 ]]), array([[-0.50685589],
       [-0.36551885],
       [-1.49211749]]), array([[ 0.26074466],
       [ 0.42277575],
       [-1.27744534]]), array([[ 0.3435297 ],
       [ 0.22917133],
       [-0.64445976]]), array([[ 0.23064362],
       [ 0.56001958],
       [-1.4609512 ]]), array([[-0.28506039],
       [ 0.77198436],
       [-1.37850652]]), array([[ 0.01455193],
       [ 0.5693155 ],
       [-1.45554201]]), array([[ 0.1392299 ],
       [ 0.32857015],
       [-0.76834427]]), array([[ 0.39786822],
       [ 0.89501268],
       [-1.38085797]]), array([[ 0.0834059 ],
       [ 1.00681694],
       [-1.39154445]]), array([[ 0.81711897],
       [ 0.26163802],
       [-1.29548157]]), array([[ 0.45215955],
       [ 0.35342831],
       [-1.62073186]]), array([[ 0.860082  ],
       [ 0.40594012],
       [-1.08137641]]))
2025-11-25 18:25:58 - __main__ - INFO: 标定板相对相机的平移向量:
:(array([[-0.05587239],
       [ 0.00816296],
       [ 0.34213148]]), array([[-0.08301888],
       [ 0.07006892],
       [ 0.42733181]]), array([[-0.05549324],
       [ 0.01470721],
       [ 0.37164261]]), array([[0.10917371],
       [0.04455982],
       [0.31663715]]), array([[-0.04957253],
       [-0.00066408],
       [ 0.50407799]]), array([[-0.17559234],
       [-0.053769  ],
       [ 0.47610936]]), array([[-0.01786714],
       [-0.00592822],
       [ 0.52355613]]), array([[-0.00754358],
       [-0.01219393],
       [ 0.49295946]]), array([[-0.03594115],
       [ 0.05883421],
       [ 0.52795051]]), array([[-0.1798017 ],
       [-0.04545738],
       [ 0.47530874]]), array([[ 0.01342886],
       [-0.04271828],
       [ 0.56638159]]), array([[ 0.15645612],
       [-0.0164811 ],
       [ 0.51873859]]), array([[-0.18671174],
       [ 0.02298226],
       [ 0.53299712]]), array([[-0.03772991],
       [ 0.03564117],
       [ 0.32390468]]), array([[-0.1382086 ],
       [-0.01607641],
       [ 0.37271102]]))
2025-11-25 18:25:58 - __main__ - INFO: 旋转矩阵是:
 [[-0.04528585 -0.86216836 -0.5045938 ]
 [ 0.97113979 -0.15639989  0.18007384]
 [-0.23417238 -0.48187632  0.8443687 ]]
2025-11-25 18:25:58 - __main__ - INFO: 平移向量是:
 [[  58.57938661]
 [  36.20751177]
 [-156.83218873]]
2025-11-25 18:25:58 - __main__ - INFO: 四元数是：
 [-0.25823697 -0.10549557  0.7152018   0.64083597]
2025-11-25 18:32:22 - __main__ - INFO: current_path： /home/zsl/lzk/project_11.19/Modules/hand_eye_calibration-main/eye_hand_data
2025-11-25 18:32:22 - __main__ - INFO: 读 eye_hand_data/data2025112509/1.jpg
2025-11-25 18:32:22 - __main__ - INFO: 读 eye_hand_data/data2025112509/2.jpg
2025-11-25 18:32:22 - __main__ - INFO: 读 eye_hand_data/data2025112509/3.jpg
2025-11-25 18:32:22 - __main__ - INFO: 读 eye_hand_data/data2025112509/4.jpg
2025-11-25 18:32:22 - __main__ - INFO: 读 eye_hand_data/data2025112509/5.jpg
2025-11-25 18:32:22 - __main__ - INFO: 读 eye_hand_data/data2025112509/6.jpg
2025-11-25 18:32:22 - __main__ - INFO: 读 eye_hand_data/data2025112509/7.jpg
2025-11-25 18:32:22 - __main__ - INFO: 读 eye_hand_data/data2025112509/8.jpg
2025-11-25 18:32:22 - __main__ - INFO: 读 eye_hand_data/data2025112509/9.jpg
2025-11-25 18:32:22 - __main__ - INFO: 读 eye_hand_data/data2025112509/10.jpg
2025-11-25 18:32:22 - __main__ - INFO: 读 eye_hand_data/data2025112509/11.jpg
2025-11-25 18:32:22 - __main__ - INFO: 读 eye_hand_data/data2025112509/12.jpg
2025-11-25 18:32:22 - __main__ - INFO: 读 eye_hand_data/data2025112509/13.jpg
2025-11-25 18:32:22 - __main__ - INFO: 读 eye_hand_data/data2025112509/14.jpg
2025-11-25 18:32:22 - __main__ - INFO: 读 eye_hand_data/data2025112509/15.jpg
2025-11-25 18:32:22 - __main__ - INFO: 内参矩阵:
:[[644.34325139   0.         656.21846065]
 [  0.         644.09205365 363.3521349 ]
 [  0.           0.           1.        ]]
2025-11-25 18:32:22 - __main__ - INFO: 畸变系数:
:[[-0.05120147  0.0499083   0.00068835  0.00064419 -0.01242437]]
2025-11-25 18:32:22 - __main__ - INFO: 标定板相对相机的旋转矩阵:
:(array([[-0.00551718],
       [-0.4731482 ],
       [-1.46505098]]), array([[-0.6464397 ],
       [ 0.20584612],
       [-1.56157939]]), array([[-0.6125882 ],
       [-0.44031571],
       [-1.5273556 ]]), array([[-0.50685589],
       [-0.36551885],
       [-1.49211749]]), array([[ 0.26074466],
       [ 0.42277575],
       [-1.27744534]]), array([[ 0.3435297 ],
       [ 0.22917133],
       [-0.64445976]]), array([[ 0.23064362],
       [ 0.56001958],
       [-1.4609512 ]]), array([[-0.28506039],
       [ 0.77198436],
       [-1.37850652]]), array([[ 0.01455193],
       [ 0.5693155 ],
       [-1.45554201]]), array([[ 0.1392299 ],
       [ 0.32857015],
       [-0.76834427]]), array([[ 0.39786822],
       [ 0.89501268],
       [-1.38085797]]), array([[ 0.0834059 ],
       [ 1.00681694],
       [-1.39154445]]), array([[ 0.81711897],
       [ 0.26163802],
       [-1.29548157]]), array([[ 0.45215955],
       [ 0.35342831],
       [-1.62073186]]), array([[ 0.860082  ],
       [ 0.40594012],
       [-1.08137641]]))
2025-11-25 18:32:22 - __main__ - INFO: 标定板相对相机的平移向量:
:(array([[-0.05587239],
       [ 0.00816296],
       [ 0.34213148]]), array([[-0.08301888],
       [ 0.07006892],
       [ 0.42733181]]), array([[-0.05549324],
       [ 0.01470721],
       [ 0.37164261]]), array([[0.10917371],
       [0.04455982],
       [0.31663715]]), array([[-0.04957253],
       [-0.00066408],
       [ 0.50407799]]), array([[-0.17559234],
       [-0.053769  ],
       [ 0.47610936]]), array([[-0.01786714],
       [-0.00592822],
       [ 0.52355613]]), array([[-0.00754358],
       [-0.01219393],
       [ 0.49295946]]), array([[-0.03594115],
       [ 0.05883421],
       [ 0.52795051]]), array([[-0.1798017 ],
       [-0.04545738],
       [ 0.47530874]]), array([[ 0.01342886],
       [-0.04271828],
       [ 0.56638159]]), array([[ 0.15645612],
       [-0.0164811 ],
       [ 0.51873859]]), array([[-0.18671174],
       [ 0.02298226],
       [ 0.53299712]]), array([[-0.03772991],
       [ 0.03564117],
       [ 0.32390468]]), array([[-0.1382086 ],
       [-0.01607641],
       [ 0.37271102]]))
2025-11-25 18:32:22 - __main__ - INFO: 旋转矩阵是:
 [[ 0.99994269 -0.01063235  0.00124942]
 [-0.0089074  -0.76156491  0.64802743]
 [-0.00593854 -0.64800142 -0.76161597]]
2025-11-25 18:32:22 - __main__ - INFO: 平移向量是:
 [[-200.21938692]
 [-607.65037156]
 [ 326.79270025]]
2025-11-25 18:32:22 - __main__ - INFO: 四元数是：
 [ 0.93849928 -0.00520505 -0.0012491  -0.3452397 ]
2025-11-25 18:34:04 - __main__ - INFO: current_path： /home/zsl/lzk/project_11.19/Modules/hand_eye_calibration-main/eye_hand_data
2025-11-25 18:34:04 - __main__ - INFO: 读 eye_hand_data/data2025112509/1.jpg
2025-11-25 18:34:04 - __main__ - INFO: 读 eye_hand_data/data2025112509/2.jpg
2025-11-25 18:34:04 - __main__ - INFO: 读 eye_hand_data/data2025112509/3.jpg
2025-11-25 18:34:04 - __main__ - INFO: 读 eye_hand_data/data2025112509/4.jpg
2025-11-25 18:34:04 - __main__ - INFO: 读 eye_hand_data/data2025112509/5.jpg
2025-11-25 18:34:04 - __main__ - INFO: 读 eye_hand_data/data2025112509/6.jpg
2025-11-25 18:34:04 - __main__ - INFO: 读 eye_hand_data/data2025112509/7.jpg
2025-11-25 18:34:04 - __main__ - INFO: 读 eye_hand_data/data2025112509/8.jpg
2025-11-25 18:34:04 - __main__ - INFO: 读 eye_hand_data/data2025112509/9.jpg
2025-11-25 18:34:04 - __main__ - INFO: 读 eye_hand_data/data2025112509/10.jpg
2025-11-25 18:34:04 - __main__ - INFO: 读 eye_hand_data/data2025112509/11.jpg
2025-11-25 18:34:04 - __main__ - INFO: 读 eye_hand_data/data2025112509/12.jpg
2025-11-25 18:34:04 - __main__ - INFO: 读 eye_hand_data/data2025112509/13.jpg
2025-11-25 18:34:04 - __main__ - INFO: 读 eye_hand_data/data2025112509/14.jpg
2025-11-25 18:34:04 - __main__ - INFO: 读 eye_hand_data/data2025112509/15.jpg
2025-11-25 18:34:04 - __main__ - INFO: 内参矩阵:
:[[644.34325139   0.         656.21846065]
 [  0.         644.09205365 363.3521349 ]
 [  0.           0.           1.        ]]
2025-11-25 18:34:04 - __main__ - INFO: 畸变系数:
:[[-0.05120147  0.0499083   0.00068835  0.00064419 -0.01242437]]
2025-11-25 18:34:04 - __main__ - INFO: 标定板相对相机的旋转矩阵:
:(array([[-0.00551718],
       [-0.4731482 ],
       [-1.46505098]]), array([[-0.6464397 ],
       [ 0.20584612],
       [-1.56157939]]), array([[-0.6125882 ],
       [-0.44031571],
       [-1.5273556 ]]), array([[-0.50685589],
       [-0.36551885],
       [-1.49211749]]), array([[ 0.26074466],
       [ 0.42277575],
       [-1.27744534]]), array([[ 0.3435297 ],
       [ 0.22917133],
       [-0.64445976]]), array([[ 0.23064362],
       [ 0.56001958],
       [-1.4609512 ]]), array([[-0.28506039],
       [ 0.77198436],
       [-1.37850652]]), array([[ 0.01455193],
       [ 0.5693155 ],
       [-1.45554201]]), array([[ 0.1392299 ],
       [ 0.32857015],
       [-0.76834427]]), array([[ 0.39786822],
       [ 0.89501268],
       [-1.38085797]]), array([[ 0.0834059 ],
       [ 1.00681694],
       [-1.39154445]]), array([[ 0.81711897],
       [ 0.26163802],
       [-1.29548157]]), array([[ 0.45215955],
       [ 0.35342831],
       [-1.62073186]]), array([[ 0.860082  ],
       [ 0.40594012],
       [-1.08137641]]))
2025-11-25 18:34:04 - __main__ - INFO: 标定板相对相机的平移向量:
:(array([[-0.05587239],
       [ 0.00816296],
       [ 0.34213148]]), array([[-0.08301888],
       [ 0.07006892],
       [ 0.42733181]]), array([[-0.05549324],
       [ 0.01470721],
       [ 0.37164261]]), array([[0.10917371],
       [0.04455982],
       [0.31663715]]), array([[-0.04957253],
       [-0.00066408],
       [ 0.50407799]]), array([[-0.17559234],
       [-0.053769  ],
       [ 0.47610936]]), array([[-0.01786714],
       [-0.00592822],
       [ 0.52355613]]), array([[-0.00754358],
       [-0.01219393],
       [ 0.49295946]]), array([[-0.03594115],
       [ 0.05883421],
       [ 0.52795051]]), array([[-0.1798017 ],
       [-0.04545738],
       [ 0.47530874]]), array([[ 0.01342886],
       [-0.04271828],
       [ 0.56638159]]), array([[ 0.15645612],
       [-0.0164811 ],
       [ 0.51873859]]), array([[-0.18671174],
       [ 0.02298226],
       [ 0.53299712]]), array([[-0.03772991],
       [ 0.03564117],
       [ 0.32390468]]), array([[-0.1382086 ],
       [-0.01607641],
       [ 0.37271102]]))
2025-11-25 18:34:04 - __main__ - INFO: 旋转矩阵是:
 [[ 0.99994269 -0.01063235  0.00124942]
 [-0.0089074  -0.76156491  0.64802743]
 [-0.00593854 -0.64800142 -0.76161597]]
2025-11-25 18:34:04 - __main__ - INFO: 平移向量是:
 [[-200.21938692]
 [-607.65037156]
 [ 326.79270025]]
2025-11-25 18:34:04 - __main__ - INFO: 四元数是：
 [ 0.93849928 -0.00520505 -0.0012491  -0.3452397 ]
2025-11-25 18:38:29 - __main__ - INFO: current_path： /home/zsl/lzk/project_11.19/Modules/hand_eye_calibration-main/eye_hand_data
2025-11-25 18:38:29 - __main__ - INFO: 读 eye_hand_data/data2025112509/1.jpg
2025-11-25 18:38:29 - __main__ - INFO: 读 eye_hand_data/data2025112509/2.jpg
2025-11-25 18:38:29 - __main__ - INFO: 读 eye_hand_data/data2025112509/3.jpg
2025-11-25 18:38:29 - __main__ - INFO: 读 eye_hand_data/data2025112509/4.jpg
2025-11-25 18:38:29 - __main__ - INFO: 读 eye_hand_data/data2025112509/5.jpg
2025-11-25 18:38:29 - __main__ - INFO: 读 eye_hand_data/data2025112509/6.jpg
2025-11-25 18:38:29 - __main__ - INFO: 读 eye_hand_data/data2025112509/7.jpg
2025-11-25 18:38:29 - __main__ - INFO: 读 eye_hand_data/data2025112509/8.jpg
2025-11-25 18:38:29 - __main__ - INFO: 读 eye_hand_data/data2025112509/9.jpg
2025-11-25 18:38:29 - __main__ - INFO: 读 eye_hand_data/data2025112509/10.jpg
2025-11-25 18:38:29 - __main__ - INFO: 读 eye_hand_data/data2025112509/11.jpg
2025-11-25 18:38:29 - __main__ - INFO: 读 eye_hand_data/data2025112509/12.jpg
2025-11-25 18:38:29 - __main__ - INFO: 读 eye_hand_data/data2025112509/13.jpg
2025-11-25 18:38:29 - __main__ - INFO: 读 eye_hand_data/data2025112509/14.jpg
2025-11-25 18:38:29 - __main__ - INFO: 读 eye_hand_data/data2025112509/15.jpg
2025-11-25 18:38:29 - __main__ - INFO: 内参矩阵:
:[[644.34325139   0.         656.21846065]
 [  0.         644.09205365 363.3521349 ]
 [  0.           0.           1.        ]]
2025-11-25 18:38:29 - __main__ - INFO: 畸变系数:
:[[-0.05120147  0.0499083   0.00068835  0.00064419 -0.01242437]]
2025-11-25 18:38:29 - __main__ - INFO: 标定板相对相机的旋转矩阵:
:(array([[-0.00551718],
       [-0.4731482 ],
       [-1.46505098]]), array([[-0.6464397 ],
       [ 0.20584612],
       [-1.56157939]]), array([[-0.6125882 ],
       [-0.44031571],
       [-1.5273556 ]]), array([[-0.50685589],
       [-0.36551885],
       [-1.49211749]]), array([[ 0.26074466],
       [ 0.42277575],
       [-1.27744534]]), array([[ 0.3435297 ],
       [ 0.22917133],
       [-0.64445976]]), array([[ 0.23064362],
       [ 0.56001958],
       [-1.4609512 ]]), array([[-0.28506039],
       [ 0.77198436],
       [-1.37850652]]), array([[ 0.01455193],
       [ 0.5693155 ],
       [-1.45554201]]), array([[ 0.1392299 ],
       [ 0.32857015],
       [-0.76834427]]), array([[ 0.39786822],
       [ 0.89501268],
       [-1.38085797]]), array([[ 0.0834059 ],
       [ 1.00681694],
       [-1.39154445]]), array([[ 0.81711897],
       [ 0.26163802],
       [-1.29548157]]), array([[ 0.45215955],
       [ 0.35342831],
       [-1.62073186]]), array([[ 0.860082  ],
       [ 0.40594012],
       [-1.08137641]]))
2025-11-25 18:38:29 - __main__ - INFO: 标定板相对相机的平移向量:
:(array([[-0.05587239],
       [ 0.00816296],
       [ 0.34213148]]), array([[-0.08301888],
       [ 0.07006892],
       [ 0.42733181]]), array([[-0.05549324],
       [ 0.01470721],
       [ 0.37164261]]), array([[0.10917371],
       [0.04455982],
       [0.31663715]]), array([[-0.04957253],
       [-0.00066408],
       [ 0.50407799]]), array([[-0.17559234],
       [-0.053769  ],
       [ 0.47610936]]), array([[-0.01786714],
       [-0.00592822],
       [ 0.52355613]]), array([[-0.00754358],
       [-0.01219393],
       [ 0.49295946]]), array([[-0.03594115],
       [ 0.05883421],
       [ 0.52795051]]), array([[-0.1798017 ],
       [-0.04545738],
       [ 0.47530874]]), array([[ 0.01342886],
       [-0.04271828],
       [ 0.56638159]]), array([[ 0.15645612],
       [-0.0164811 ],
       [ 0.51873859]]), array([[-0.18671174],
       [ 0.02298226],
       [ 0.53299712]]), array([[-0.03772991],
       [ 0.03564117],
       [ 0.32390468]]), array([[-0.1382086 ],
       [-0.01607641],
       [ 0.37271102]]))
2025-11-25 18:38:29 - __main__ - INFO: 末端对基座的平移向量:
:[array([ -27.15629927, -527.92757625, -569.23908102]), array([-391.06492441, -327.12598138, -575.5668673 ]), array([ -68.10547137, -316.51510247, -697.21646031]), array([-264.39882333, -240.40141179, -712.48064774]), array([-374.70976925, -506.44646066, -135.29236834]), array([-373.24423173, -512.39855373, -300.03127374]), array([-392.62758868, -472.54328068,  -56.53489462]), array([-600.84083748, -230.92647232, -139.98887734]), array([-467.12012255, -428.56910335, -194.60356028]), array([-456.35487278, -468.8621344 , -283.12789211]), array([-395.02928085, -371.92522122,  149.90690624]), array([-588.10779935, -132.83477216,   80.30875609]), array([  35.43434105, -676.31245152, -113.92660285]), array([-325.52203465, -724.97074185,   19.68546591]), array([ -83.93754527, -756.20491218,   67.95726956])]
2025-11-25 18:38:29 - __main__ - INFO: 旋转矩阵是:
 [[ 0.99994269 -0.01063235  0.00124942]
 [-0.0089074  -0.76156491  0.64802743]
 [-0.00593854 -0.64800142 -0.76161597]]
2025-11-25 18:38:29 - __main__ - INFO: 平移向量是:
 [[-200.21938692]
 [-607.65037156]
 [ 326.79270025]]
2025-11-25 18:38:29 - __main__ - INFO: 四元数是：
 [ 0.93849928 -0.00520505 -0.0012491  -0.3452397 ]
2025-11-25 18:40:06 - __main__ - INFO: current_path： /home/zsl/lzk/project_11.19/Modules/hand_eye_calibration-main/eye_hand_data
2025-11-25 18:40:06 - __main__ - INFO: 读 eye_hand_data/data2025112509/1.jpg
2025-11-25 18:40:06 - __main__ - INFO: 读 eye_hand_data/data2025112509/2.jpg
2025-11-25 18:40:06 - __main__ - INFO: 读 eye_hand_data/data2025112509/3.jpg
2025-11-25 18:40:06 - __main__ - INFO: 读 eye_hand_data/data2025112509/4.jpg
2025-11-25 18:40:06 - __main__ - INFO: 读 eye_hand_data/data2025112509/5.jpg
2025-11-25 18:40:06 - __main__ - INFO: 读 eye_hand_data/data2025112509/6.jpg
2025-11-25 18:40:06 - __main__ - INFO: 读 eye_hand_data/data2025112509/7.jpg
2025-11-25 18:40:06 - __main__ - INFO: 读 eye_hand_data/data2025112509/8.jpg
2025-11-25 18:40:06 - __main__ - INFO: 读 eye_hand_data/data2025112509/9.jpg
2025-11-25 18:40:06 - __main__ - INFO: 读 eye_hand_data/data2025112509/10.jpg
2025-11-25 18:40:06 - __main__ - INFO: 读 eye_hand_data/data2025112509/11.jpg
2025-11-25 18:40:06 - __main__ - INFO: 读 eye_hand_data/data2025112509/12.jpg
2025-11-25 18:40:06 - __main__ - INFO: 读 eye_hand_data/data2025112509/13.jpg
2025-11-25 18:40:06 - __main__ - INFO: 读 eye_hand_data/data2025112509/14.jpg
2025-11-25 18:40:07 - __main__ - INFO: 读 eye_hand_data/data2025112509/15.jpg
2025-11-25 18:40:07 - __main__ - INFO: 内参矩阵:
:[[644.34325139   0.         656.21846065]
 [  0.         644.09205365 363.3521349 ]
 [  0.           0.           1.        ]]
2025-11-25 18:40:07 - __main__ - INFO: 畸变系数:
:[[-0.05120147  0.0499083   0.00068835  0.00064419 -0.01242437]]
2025-11-25 18:40:07 - __main__ - INFO: 标定板相对相机的旋转矩阵:
:(array([[-0.00551718],
       [-0.4731482 ],
       [-1.46505098]]), array([[-0.6464397 ],
       [ 0.20584612],
       [-1.56157939]]), array([[-0.6125882 ],
       [-0.44031571],
       [-1.5273556 ]]), array([[-0.50685589],
       [-0.36551885],
       [-1.49211749]]), array([[ 0.26074466],
       [ 0.42277575],
       [-1.27744534]]), array([[ 0.3435297 ],
       [ 0.22917133],
       [-0.64445976]]), array([[ 0.23064362],
       [ 0.56001958],
       [-1.4609512 ]]), array([[-0.28506039],
       [ 0.77198436],
       [-1.37850652]]), array([[ 0.01455193],
       [ 0.5693155 ],
       [-1.45554201]]), array([[ 0.1392299 ],
       [ 0.32857015],
       [-0.76834427]]), array([[ 0.39786822],
       [ 0.89501268],
       [-1.38085797]]), array([[ 0.0834059 ],
       [ 1.00681694],
       [-1.39154445]]), array([[ 0.81711897],
       [ 0.26163802],
       [-1.29548157]]), array([[ 0.45215955],
       [ 0.35342831],
       [-1.62073186]]), array([[ 0.860082  ],
       [ 0.40594012],
       [-1.08137641]]))
2025-11-25 18:40:07 - __main__ - INFO: 标定板相对相机的平移向量:
:(array([[-0.05587239],
       [ 0.00816296],
       [ 0.34213148]]), array([[-0.08301888],
       [ 0.07006892],
       [ 0.42733181]]), array([[-0.05549324],
       [ 0.01470721],
       [ 0.37164261]]), array([[0.10917371],
       [0.04455982],
       [0.31663715]]), array([[-0.04957253],
       [-0.00066408],
       [ 0.50407799]]), array([[-0.17559234],
       [-0.053769  ],
       [ 0.47610936]]), array([[-0.01786714],
       [-0.00592822],
       [ 0.52355613]]), array([[-0.00754358],
       [-0.01219393],
       [ 0.49295946]]), array([[-0.03594115],
       [ 0.05883421],
       [ 0.52795051]]), array([[-0.1798017 ],
       [-0.04545738],
       [ 0.47530874]]), array([[ 0.01342886],
       [-0.04271828],
       [ 0.56638159]]), array([[ 0.15645612],
       [-0.0164811 ],
       [ 0.51873859]]), array([[-0.18671174],
       [ 0.02298226],
       [ 0.53299712]]), array([[-0.03772991],
       [ 0.03564117],
       [ 0.32390468]]), array([[-0.1382086 ],
       [-0.01607641],
       [ 0.37271102]]))
2025-11-25 18:40:07 - __main__ - INFO: 末端对基座的平移向量:
:[array([-0.0271563 , -0.52792758, -0.56923908]), array([-0.39106492, -0.32712598, -0.57556687]), array([-0.06810547, -0.3165151 , -0.69721646]), array([-0.26439882, -0.24040141, -0.71248065]), array([-0.37470977, -0.50644646, -0.13529237]), array([-0.37324423, -0.51239855, -0.30003127]), array([-0.39262759, -0.47254328, -0.05653489]), array([-0.60084084, -0.23092647, -0.13998888]), array([-0.46712012, -0.4285691 , -0.19460356]), array([-0.45635487, -0.46886213, -0.28312789]), array([-0.39502928, -0.37192522,  0.14990691]), array([-0.5881078 , -0.13283477,  0.08030876]), array([ 0.03543434, -0.67631245, -0.1139266 ]), array([-0.32552203, -0.72497074,  0.01968547]), array([-0.08393755, -0.75620491,  0.06795727])]
2025-11-25 18:40:07 - __main__ - INFO: 旋转矩阵是:
 [[ 0.99994269 -0.01063235  0.00124942]
 [-0.0089074  -0.76156491  0.64802743]
 [-0.00593854 -0.64800142 -0.76161597]]
2025-11-25 18:40:07 - __main__ - INFO: 平移向量是:
 [[-0.23325556]
 [-0.9352246 ]
 [ 0.54659908]]
2025-11-25 18:40:07 - __main__ - INFO: 四元数是：
 [ 0.93849928 -0.00520505 -0.0012491  -0.3452397 ]
2025-11-25 20:15:30 - libs.auxiliary - INFO: create folder /home/zsl/lzk/project_11.19/eye_hand_data/data2025112510
2025-11-25 20:15:30 - __main__ - ERROR: 相机连接异常：xioctl(VIDIOC_S_FMT) failed, errno=16 Last Error: Device or resource busy
2025-11-25 20:15:48 - libs.auxiliary - INFO: create folder /home/zsl/lzk/project_11.19/eye_hand_data/data2025112511
2025-11-25 20:15:49 - __main__ - INFO: 开始手眼标定程序，当前程序版号V1.0.0
2025-11-25 20:15:52 - __main__ - INFO: 获取状态：成功，当前位姿为[-0.357713299, -0.486689592, 0.374652282, 2.532629702103404, -0.5624062238762704, -1.3980768685014557]
2025-11-25 20:15:52 - __main__ - INFO: ===采集第1次数据！
2025-11-25 20:15:58 - __main__ - INFO: 获取状态：成功，当前位姿为[-0.357713299, -0.486689592, 0.374652282, 2.532629702103404, -0.5624062238762704, -1.3980768685014557]
2025-11-25 20:15:58 - __main__ - INFO: ===采集第2次数据！
2025-11-25 20:16:53 - libs.auxiliary - INFO: create folder /home/zsl/lzk/project_11.19/eye_hand_data/data2025112512
2025-11-25 20:16:53 - __main__ - INFO: 开始手眼标定程序，当前程序版号V1.0.0
2025-11-25 20:16:55 - __main__ - INFO: 获取状态：成功，当前位姿为[-0.357713299, -0.486689592, 0.374652282, 2.532629702103404, -0.5624062238762704, -1.3980768685014557]
2025-11-25 20:16:55 - __main__ - INFO: ===采集第1次数据！
2025-11-25 20:19:24 - libs.auxiliary - INFO: create folder /home/zsl/lzk/project_11.19/Modules/eye_hand_data/data20251125
2025-11-25 20:19:25 - __main__ - INFO: 开始手眼标定程序，当前程序版号V1.0.0
2025-11-25 20:19:59 - libs.auxiliary - INFO: create folder /home/zsl/lzk/project_11.19/Modules/hand_eye_calibration-main/eye_hand_data/data20251125
2025-11-25 20:19:59 - __main__ - INFO: 开始手眼标定程序，当前程序版号V1.0.0
2025-11-25 20:20:01 - __main__ - INFO: 获取状态：成功，当前位姿为[-0.357713299, -0.486689592, 0.374652282, 2.532629702103404, -0.5624062238762704, -1.3980768685014557]
2025-11-25 20:20:01 - __main__ - INFO: ===采集第1次数据！
2025-11-25 20:23:29 - __main__ - INFO: current_path： /home/zsl/lzk/project_11.19/Modules/hand_eye_calibration-main/eye_hand_data
2025-11-25 20:23:29 - __main__ - INFO: 总共[] 张图片中, 0张检测到棋盘格角点
2025-11-25 20:24:04 - __main__ - INFO: current_path： /home/zsl/lzk/project_11.19/Modules/hand_eye_calibration-main/eye_hand_data
2025-11-25 20:24:04 - __main__ - INFO: 读 eye_hand_data/data2025112509/1.jpg
2025-11-25 20:24:04 - __main__ - INFO: 图像 1 检测到棋盘格角点
2025-11-25 20:24:04 - __main__ - INFO: 读 eye_hand_data/data2025112509/2.jpg
2025-11-25 20:24:04 - __main__ - INFO: 图像 2 检测到棋盘格角点
2025-11-25 20:24:04 - __main__ - INFO: 读 eye_hand_data/data2025112509/3.jpg
2025-11-25 20:24:04 - __main__ - INFO: 图像 3 检测到棋盘格角点
2025-11-25 20:24:04 - __main__ - INFO: 读 eye_hand_data/data2025112509/4.jpg
2025-11-25 20:24:04 - __main__ - INFO: 图像 4 检测到棋盘格角点
2025-11-25 20:24:04 - __main__ - INFO: 读 eye_hand_data/data2025112509/5.jpg
2025-11-25 20:24:04 - __main__ - INFO: 图像 5 检测到棋盘格角点
2025-11-25 20:24:04 - __main__ - INFO: 读 eye_hand_data/data2025112509/6.jpg
2025-11-25 20:24:04 - __main__ - INFO: 图像 6 检测到棋盘格角点
2025-11-25 20:24:04 - __main__ - INFO: 读 eye_hand_data/data2025112509/7.jpg
2025-11-25 20:24:04 - __main__ - INFO: 图像 7 检测到棋盘格角点
2025-11-25 20:24:04 - __main__ - INFO: 读 eye_hand_data/data2025112509/8.jpg
2025-11-25 20:24:04 - __main__ - INFO: 图像 8 检测到棋盘格角点
2025-11-25 20:24:04 - __main__ - INFO: 读 eye_hand_data/data2025112509/9.jpg
2025-11-25 20:24:04 - __main__ - INFO: 图像 9 检测到棋盘格角点
2025-11-25 20:24:04 - __main__ - INFO: 读 eye_hand_data/data2025112509/10.jpg
2025-11-25 20:24:04 - __main__ - INFO: 图像 10 检测到棋盘格角点
2025-11-25 20:24:04 - __main__ - INFO: 读 eye_hand_data/data2025112509/11.jpg
2025-11-25 20:24:04 - __main__ - INFO: 图像 11 检测到棋盘格角点
2025-11-25 20:24:04 - __main__ - INFO: 读 eye_hand_data/data2025112509/12.jpg
2025-11-25 20:24:04 - __main__ - INFO: 图像 12 检测到棋盘格角点
2025-11-25 20:24:04 - __main__ - INFO: 读 eye_hand_data/data2025112509/13.jpg
2025-11-25 20:24:04 - __main__ - INFO: 图像 13 检测到棋盘格角点
2025-11-25 20:24:04 - __main__ - INFO: 读 eye_hand_data/data2025112509/14.jpg
2025-11-25 20:24:04 - __main__ - INFO: 图像 14 检测到棋盘格角点
2025-11-25 20:24:04 - __main__ - INFO: 读 eye_hand_data/data2025112509/15.jpg
2025-11-25 20:24:04 - __main__ - INFO: 图像 15 检测到棋盘格角点
2025-11-25 20:24:04 - __main__ - INFO: 总共['12.jpg', '14.jpg', '3.jpg', '1.jpg', '8.jpg', '4.jpg', '11.jpg', '2.jpg', '15.jpg', '6.jpg', '5.jpg', '7.jpg', '9.jpg', '10.jpg', '13.jpg'] 张图片中, 15张检测到棋盘格角点
2025-11-25 20:24:04 - __main__ - INFO: 内参矩阵:
:[[644.34325139   0.         656.21846065]
 [  0.         644.09205365 363.3521349 ]
 [  0.           0.           1.        ]]
2025-11-25 20:24:04 - __main__ - INFO: 畸变系数:
:[[-0.05120147  0.0499083   0.00068835  0.00064419 -0.01242437]]
2025-11-25 20:24:04 - __main__ - INFO: 标定板相对相机的旋转矩阵:
:(array([[-0.00551718],
       [-0.4731482 ],
       [-1.46505098]]), array([[-0.6464397 ],
       [ 0.20584612],
       [-1.56157939]]), array([[-0.6125882 ],
       [-0.44031571],
       [-1.5273556 ]]), array([[-0.50685589],
       [-0.36551885],
       [-1.49211749]]), array([[ 0.26074466],
       [ 0.42277575],
       [-1.27744534]]), array([[ 0.3435297 ],
       [ 0.22917133],
       [-0.64445976]]), array([[ 0.23064362],
       [ 0.56001958],
       [-1.4609512 ]]), array([[-0.28506039],
       [ 0.77198436],
       [-1.37850652]]), array([[ 0.01455193],
       [ 0.5693155 ],
       [-1.45554201]]), array([[ 0.1392299 ],
       [ 0.32857015],
       [-0.76834427]]), array([[ 0.39786822],
       [ 0.89501268],
       [-1.38085797]]), array([[ 0.0834059 ],
       [ 1.00681694],
       [-1.39154445]]), array([[ 0.81711897],
       [ 0.26163802],
       [-1.29548157]]), array([[ 0.45215955],
       [ 0.35342831],
       [-1.62073186]]), array([[ 0.860082  ],
       [ 0.40594012],
       [-1.08137641]]))
2025-11-25 20:24:04 - __main__ - INFO: 标定板相对相机的平移向量:
:(array([[-0.05587239],
       [ 0.00816296],
       [ 0.34213148]]), array([[-0.08301888],
       [ 0.07006892],
       [ 0.42733181]]), array([[-0.05549324],
       [ 0.01470721],
       [ 0.37164261]]), array([[0.10917371],
       [0.04455982],
       [0.31663715]]), array([[-0.04957253],
       [-0.00066408],
       [ 0.50407799]]), array([[-0.17559234],
       [-0.053769  ],
       [ 0.47610936]]), array([[-0.01786714],
       [-0.00592822],
       [ 0.52355613]]), array([[-0.00754358],
       [-0.01219393],
       [ 0.49295946]]), array([[-0.03594115],
       [ 0.05883421],
       [ 0.52795051]]), array([[-0.1798017 ],
       [-0.04545738],
       [ 0.47530874]]), array([[ 0.01342886],
       [-0.04271828],
       [ 0.56638159]]), array([[ 0.15645612],
       [-0.0164811 ],
       [ 0.51873859]]), array([[-0.18671174],
       [ 0.02298226],
       [ 0.53299712]]), array([[-0.03772991],
       [ 0.03564117],
       [ 0.32390468]]), array([[-0.1382086 ],
       [-0.01607641],
       [ 0.37271102]]))
2025-11-25 20:24:04 - __main__ - INFO: 末端对基座的平移向量:
:[array([ -27.15629927, -527.92757625, -569.23908102]), array([-391.06492441, -327.12598138, -575.5668673 ]), array([ -68.10547137, -316.51510247, -697.21646031]), array([-264.39882333, -240.40141179, -712.48064774]), array([-374.70976925, -506.44646066, -135.29236834]), array([-373.24423173, -512.39855373, -300.03127374]), array([-392.62758868, -472.54328068,  -56.53489462]), array([-600.84083748, -230.92647232, -139.98887734]), array([-467.12012255, -428.56910335, -194.60356028]), array([-456.35487278, -468.8621344 , -283.12789211]), array([-395.02928085, -371.92522122,  149.90690624]), array([-588.10779935, -132.83477216,   80.30875609]), array([  35.43434105, -676.31245152, -113.92660285]), array([-325.52203465, -724.97074185,   19.68546591]), array([ -83.93754527, -756.20491218,   67.95726956])]
2025-11-25 20:24:04 - __main__ - INFO: 旋转矩阵是:
 [[ 0.99994269 -0.01063235  0.00124942]
 [-0.0089074  -0.76156491  0.64802743]
 [-0.00593854 -0.64800142 -0.76161597]]
2025-11-25 20:24:04 - __main__ - INFO: 平移向量是:
 [[-200.21938692]
 [-607.65037156]
 [ 326.79270025]]
2025-11-25 20:24:04 - __main__ - INFO: 四元数是：
 [ 0.93849928 -0.00520505 -0.0012491  -0.3452397 ]
2025-11-25 20:24:52 - __main__ - INFO: current_path： /home/zsl/lzk/project_11.19/Modules/hand_eye_calibration-main/eye_hand_data
2025-11-25 20:24:52 - __main__ - INFO: 读 eye_hand_data/data2025112509/1.jpg
2025-11-25 20:24:52 - __main__ - INFO: 图像 1 检测到棋盘格角点
2025-11-25 20:24:52 - __main__ - INFO: 读 eye_hand_data/data2025112509/2.jpg
2025-11-25 20:24:52 - __main__ - INFO: 图像 2 检测到棋盘格角点
2025-11-25 20:24:52 - __main__ - INFO: 读 eye_hand_data/data2025112509/3.jpg
2025-11-25 20:24:52 - __main__ - INFO: 图像 3 检测到棋盘格角点
2025-11-25 20:24:52 - __main__ - INFO: 读 eye_hand_data/data2025112509/4.jpg
2025-11-25 20:24:52 - __main__ - INFO: 图像 4 检测到棋盘格角点
2025-11-25 20:24:52 - __main__ - INFO: 读 eye_hand_data/data2025112509/5.jpg
2025-11-25 20:24:52 - __main__ - INFO: 图像 5 检测到棋盘格角点
2025-11-25 20:24:52 - __main__ - INFO: 读 eye_hand_data/data2025112509/6.jpg
2025-11-25 20:24:52 - __main__ - INFO: 图像 6 检测到棋盘格角点
2025-11-25 20:24:52 - __main__ - INFO: 读 eye_hand_data/data2025112509/7.jpg
2025-11-25 20:24:52 - __main__ - INFO: 图像 7 检测到棋盘格角点
2025-11-25 20:24:52 - __main__ - INFO: 读 eye_hand_data/data2025112509/8.jpg
2025-11-25 20:24:52 - __main__ - INFO: 图像 8 检测到棋盘格角点
2025-11-25 20:24:52 - __main__ - INFO: 读 eye_hand_data/data2025112509/9.jpg
2025-11-25 20:24:52 - __main__ - INFO: 图像 9 检测到棋盘格角点
2025-11-25 20:24:52 - __main__ - INFO: 读 eye_hand_data/data2025112509/10.jpg
2025-11-25 20:24:52 - __main__ - INFO: 图像 10 检测到棋盘格角点
2025-11-25 20:24:52 - __main__ - INFO: 读 eye_hand_data/data2025112509/11.jpg
2025-11-25 20:24:52 - __main__ - INFO: 图像 11 检测到棋盘格角点
2025-11-25 20:24:52 - __main__ - INFO: 读 eye_hand_data/data2025112509/12.jpg
2025-11-25 20:24:52 - __main__ - INFO: 图像 12 检测到棋盘格角点
2025-11-25 20:24:52 - __main__ - INFO: 读 eye_hand_data/data2025112509/13.jpg
2025-11-25 20:24:52 - __main__ - INFO: 图像 13 检测到棋盘格角点
2025-11-25 20:24:52 - __main__ - INFO: 读 eye_hand_data/data2025112509/14.jpg
2025-11-25 20:24:52 - __main__ - INFO: 图像 14 检测到棋盘格角点
2025-11-25 20:24:52 - __main__ - INFO: 读 eye_hand_data/data2025112509/15.jpg
2025-11-25 20:24:52 - __main__ - INFO: 图像 15 检测到棋盘格角点
2025-11-25 20:24:52 - __main__ - INFO: 总共15 张图片中, 15张检测到棋盘格角点
2025-11-25 20:24:52 - __main__ - INFO: 内参矩阵:
:[[644.34325139   0.         656.21846065]
 [  0.         644.09205365 363.3521349 ]
 [  0.           0.           1.        ]]
2025-11-25 20:24:52 - __main__ - INFO: 畸变系数:
:[[-0.05120147  0.0499083   0.00068835  0.00064419 -0.01242437]]
2025-11-25 20:24:52 - __main__ - INFO: 标定板相对相机的旋转矩阵:
:(array([[-0.00551718],
       [-0.4731482 ],
       [-1.46505098]]), array([[-0.6464397 ],
       [ 0.20584612],
       [-1.56157939]]), array([[-0.6125882 ],
       [-0.44031571],
       [-1.5273556 ]]), array([[-0.50685589],
       [-0.36551885],
       [-1.49211749]]), array([[ 0.26074466],
       [ 0.42277575],
       [-1.27744534]]), array([[ 0.3435297 ],
       [ 0.22917133],
       [-0.64445976]]), array([[ 0.23064362],
       [ 0.56001958],
       [-1.4609512 ]]), array([[-0.28506039],
       [ 0.77198436],
       [-1.37850652]]), array([[ 0.01455193],
       [ 0.5693155 ],
       [-1.45554201]]), array([[ 0.1392299 ],
       [ 0.32857015],
       [-0.76834427]]), array([[ 0.39786822],
       [ 0.89501268],
       [-1.38085797]]), array([[ 0.0834059 ],
       [ 1.00681694],
       [-1.39154445]]), array([[ 0.81711897],
       [ 0.26163802],
       [-1.29548157]]), array([[ 0.45215955],
       [ 0.35342831],
       [-1.62073186]]), array([[ 0.860082  ],
       [ 0.40594012],
       [-1.08137641]]))
2025-11-25 20:24:52 - __main__ - INFO: 标定板相对相机的平移向量:
:(array([[-0.05587239],
       [ 0.00816296],
       [ 0.34213148]]), array([[-0.08301888],
       [ 0.07006892],
       [ 0.42733181]]), array([[-0.05549324],
       [ 0.01470721],
       [ 0.37164261]]), array([[0.10917371],
       [0.04455982],
       [0.31663715]]), array([[-0.04957253],
       [-0.00066408],
       [ 0.50407799]]), array([[-0.17559234],
       [-0.053769  ],
       [ 0.47610936]]), array([[-0.01786714],
       [-0.00592822],
       [ 0.52355613]]), array([[-0.00754358],
       [-0.01219393],
       [ 0.49295946]]), array([[-0.03594115],
       [ 0.05883421],
       [ 0.52795051]]), array([[-0.1798017 ],
       [-0.04545738],
       [ 0.47530874]]), array([[ 0.01342886],
       [-0.04271828],
       [ 0.56638159]]), array([[ 0.15645612],
       [-0.0164811 ],
       [ 0.51873859]]), array([[-0.18671174],
       [ 0.02298226],
       [ 0.53299712]]), array([[-0.03772991],
       [ 0.03564117],
       [ 0.32390468]]), array([[-0.1382086 ],
       [-0.01607641],
       [ 0.37271102]]))
2025-11-25 20:24:52 - __main__ - INFO: 末端对基座的平移向量:
:[array([ -27.15629927, -527.92757625, -569.23908102]), array([-391.06492441, -327.12598138, -575.5668673 ]), array([ -68.10547137, -316.51510247, -697.21646031]), array([-264.39882333, -240.40141179, -712.48064774]), array([-374.70976925, -506.44646066, -135.29236834]), array([-373.24423173, -512.39855373, -300.03127374]), array([-392.62758868, -472.54328068,  -56.53489462]), array([-600.84083748, -230.92647232, -139.98887734]), array([-467.12012255, -428.56910335, -194.60356028]), array([-456.35487278, -468.8621344 , -283.12789211]), array([-395.02928085, -371.92522122,  149.90690624]), array([-588.10779935, -132.83477216,   80.30875609]), array([  35.43434105, -676.31245152, -113.92660285]), array([-325.52203465, -724.97074185,   19.68546591]), array([ -83.93754527, -756.20491218,   67.95726956])]
2025-11-25 20:24:52 - __main__ - INFO: 旋转矩阵是:
 [[ 0.99994269 -0.01063235  0.00124942]
 [-0.0089074  -0.76156491  0.64802743]
 [-0.00593854 -0.64800142 -0.76161597]]
2025-11-25 20:24:52 - __main__ - INFO: 平移向量是:
 [[-200.21938692]
 [-607.65037156]
 [ 326.79270025]]
2025-11-25 20:24:52 - __main__ - INFO: 四元数是：
 [ 0.93849928 -0.00520505 -0.0012491  -0.3452397 ]
2025-11-25 20:25:37 - libs.auxiliary - INFO: create folder /home/zsl/lzk/project_11.19/Modules/hand_eye_calibration-main/eye_hand_data/data20251125
2025-11-25 20:25:37 - __main__ - INFO: 开始手眼标定程序，当前程序版号V1.0.0
2025-11-25 20:25:59 - __main__ - INFO: 获取状态：成功，当前位姿为[-0.23567939100000002, -0.6947165089999999, 0.193393821, 2.4358614227097353, -0.4905165134123518, -0.4729024411617148]
2025-11-25 20:25:59 - __main__ - INFO: ===采集第1次数据！
2025-11-25 20:26:12 - __main__ - INFO: 获取状态：成功，当前位姿为[-0.235211306, -0.693418411, 0.189871893, 2.837336613299432, -0.7766284424115374, -1.114022159091596]
2025-11-25 20:26:12 - __main__ - INFO: ===采集第2次数据！
2025-11-25 20:26:16 - __main__ - INFO: 获取状态：成功，当前位姿为[-0.23287213199999998, -0.684421648, 0.168749488, 2.4212874522166845, -0.2192376141270905, -0.1842916370059864]
2025-11-25 20:26:16 - __main__ - INFO: ===采集第3次数据！
2025-11-25 20:26:25 - __main__ - INFO: 获取状态：成功，当前位姿为[-0.24189227500000002, -0.6127538100000001, 0.22378084, 2.7443174407653874, -0.42369412208550367, -0.8780466454516621]
2025-11-25 20:26:25 - __main__ - INFO: ===采集第4次数据！
2025-11-25 20:26:35 - __main__ - INFO: 获取状态：成功，当前位姿为[-0.240479657, -0.776954433, 0.199903365, 2.6153418327397966, -0.5375766812452085, -0.7606552938170404]
2025-11-25 20:26:35 - __main__ - INFO: ===采集第5次数据！
2025-11-25 20:26:40 - __main__ - INFO: 获取状态：成功，当前位姿为[-0.292544944, -0.7303788640000001, 0.176082306, 2.581092137270483, 0.05507545279630038, -0.32154396286367753]
2025-11-25 20:26:40 - __main__ - INFO: ===采集第6次数据！
2025-11-25 20:26:44 - __main__ - INFO: 获取状态：成功，当前位姿为[-0.23529202100000002, -0.739250134, 0.19718350899999998, 2.970213363815789, -0.5641985024851434, -1.2662463730585]
2025-11-25 20:26:44 - __main__ - INFO: ===采集第7次数据！
2025-11-25 20:26:56 - __main__ - INFO: 获取状态：成功，当前位姿为[-0.350741403, -0.659017965, 0.169400448, 2.661840353619361, -0.08283795142216867, -0.11771203843138311]
2025-11-25 20:26:56 - __main__ - INFO: ===采集第8次数据！
2025-11-25 20:27:01 - __main__ - INFO: 获取状态：成功，当前位姿为[-0.20144638699999998, -0.732159293, 0.199277232, 2.932602478366399, -0.4835383729036132, -1.4864386997397239]
2025-11-25 20:27:01 - __main__ - INFO: ===采集第9次数据！
2025-11-25 20:27:10 - __main__ - INFO: 获取状态：成功，当前位姿为[-0.265868259, -0.8192094449999999, 0.290755062, 2.049960764966672, -0.693147441879764, -0.4579221754720924]
2025-11-25 20:27:10 - __main__ - INFO: ===采集第10次数据！
2025-11-25 20:27:15 - __main__ - INFO: 获取状态：成功，当前位姿为[-0.247312076, -0.824843471, 0.270768296, 2.5282446670775234, -1.0368033126495155, -0.998393206029053]
2025-11-25 20:27:15 - __main__ - INFO: ===采集第11次数据！
2025-11-25 20:27:21 - __main__ - INFO: 获取状态：成功，当前位姿为[-0.278057472, -0.815552865, 0.217751208, 2.165496377820818, -0.15001459222729416, -0.3438538958266829]
2025-11-25 20:27:22 - __main__ - INFO: ===采集第12次数据！
2025-11-25 20:27:27 - __main__ - INFO: 获取状态：成功，当前位姿为[-0.283049893, -0.6912382229999999, 0.22893914499999998, 2.625171719073246, -0.08855284007160638, -0.42594357223864404]
2025-11-25 20:27:27 - __main__ - INFO: ===采集第13次数据！
2025-11-25 20:27:44 - __main__ - INFO: 获取状态：成功，当前位姿为[-0.353175095, -0.658822579, 0.228676251, 1.7494011400458171, -0.12980608804356758, -1.5883684587836082]
2025-11-25 20:27:44 - __main__ - INFO: ===采集第14次数据！
2025-11-25 20:27:54 - __main__ - INFO: 获取状态：成功，当前位姿为[-0.475671699, -0.648704115, 0.24015845100000002, 1.2964220511746383, 0.10630461880022575, -1.4918586975587447]
2025-11-25 20:27:54 - __main__ - INFO: ===采集第15次数据！
2025-11-25 20:28:01 - __main__ - INFO: 获取状态：成功，当前位姿为[-0.445066254, -0.568217709, 0.127143242, 1.7093513140463987, 0.08209505202605728, -1.785128256726944]
2025-11-25 20:28:01 - __main__ - INFO: ===采集第16次数据！
2025-11-25 20:28:29 - __main__ - INFO: 获取状态：成功，当前位姿为[-0.196838874, -0.563380063, 0.231848956, -2.9184679817790014, 0.06550119453638102, -0.9866011332840487]
2025-11-25 20:28:29 - __main__ - INFO: ===采集第17次数据！
2025-11-25 20:28:39 - __main__ - INFO: 获取状态：成功，当前位姿为[-0.249635596, -0.6136605479999999, 0.18812316, 2.6255595312330393, 0.10647368884486642, -1.4392568475514183]
2025-11-25 20:28:39 - __main__ - INFO: ===采集第18次数据！
2025-11-25 20:28:54 - __main__ - INFO: 获取状态：成功，当前位姿为[-0.426128263, -0.648978529, 0.302025537, 1.5811167728212043, 0.4496084392065575, -1.3034919960020317]
2025-11-25 20:28:54 - __main__ - INFO: ===采集第19次数据！
2025-11-25 20:29:12 - __main__ - INFO: 获取状态：成功，当前位姿为[-0.448222813, -0.7505484370000001, 0.268350062, 1.767275283808294, 0.5268071096424849, -0.7180670260469362]
2025-11-25 20:29:12 - __main__ - INFO: ===采集第20次数据！
2025-11-25 20:29:17 - __main__ - INFO: 获取状态：成功，当前位姿为[-0.402789127, -0.779111098, 0.199971279, 2.1282650316705674, -0.04944912215310886, -0.70373542942711]
2025-11-25 20:29:17 - __main__ - INFO: ===采集第21次数据！
2025-11-25 20:29:24 - __main__ - INFO: 获取状态：成功，当前位姿为[-0.236751539, -0.6841889760000001, 0.22896888, 2.8191068761551543, -0.29014501838140155, -1.2242720248527847]
2025-11-25 20:29:24 - __main__ - INFO: ===采集第22次数据！
2025-11-25 20:29:36 - __main__ - INFO: 获取状态：成功，当前位姿为[-0.201638451, -0.614983518, 0.236184686, -2.591764179874605, -0.8946217057452944, -1.1616638531779244]
2025-11-25 20:29:36 - __main__ - INFO: ===采集第23次数据！
2025-11-25 20:29:42 - __main__ - INFO: 获取状态：成功，当前位姿为[-0.230153737, -0.593456656, 0.158879829, 3.074965390073318, -0.6195888650383811, -0.31118126241617894]
2025-11-25 20:29:42 - __main__ - INFO: ===采集第24次数据！
2025-11-25 20:29:53 - __main__ - INFO: 获取状态：成功，当前位姿为[-0.352818494, -0.674996291, 0.17079107400000001, 2.5178703427372064, -0.46142796598069585, -0.11634815088741216]
2025-11-25 20:29:53 - __main__ - INFO: ===采集第25次数据！
2025-11-25 20:30:05 - __main__ - INFO: 获取状态：成功，当前位姿为[-0.375293432, -0.684096944, 0.18431673799999998, 2.599383414724186, -0.5879271786905098, -0.45607357508825763]
2025-11-25 20:30:05 - __main__ - INFO: ===采集第26次数据！
2025-11-25 20:30:12 - __main__ - INFO: 获取状态：成功，当前位姿为[-0.32219795599999995, -0.669085108, 0.20872132, 2.364666981606641, 0.06385203292617159, -1.3234480906693349]
2025-11-25 20:30:12 - __main__ - INFO: ===采集第27次数据！
2025-11-25 20:30:17 - __main__ - INFO: 获取状态：成功，当前位姿为[-0.366552671, -0.6429229360000001, 0.29562347, 1.8206422512531095, 0.40577664179769996, -1.4770543785110157]
2025-11-25 20:30:17 - __main__ - INFO: ===采集第28次数据！
2025-11-25 20:30:25 - __main__ - INFO: 获取状态：成功，当前位姿为[-0.397005987, -0.6291603699999999, 0.327971568, 0.8780890220459004, 0.03478306808872295, -1.8562257447900896]
2025-11-25 20:30:25 - __main__ - INFO: ===采集第29次数据！
2025-11-25 20:30:41 - __main__ - INFO: 获取状态：成功，当前位姿为[-0.32258992799999997, -0.726088833, 0.233015415, 2.459056499402889, 0.12980736213392155, -0.6070912429432579]
2025-11-25 20:30:41 - __main__ - INFO: ===采集第30次数据！
2025-11-25 20:30:46 - __main__ - INFO: 获取状态：成功，当前位姿为[-0.264663011, -0.70572555, 0.223464623, 2.8306467313699533, -0.40909873640253097, -1.4173473978385756]
2025-11-25 20:30:46 - __main__ - INFO: ===采集第31次数据！
2025-11-25 20:30:56 - __main__ - INFO: 获取状态：成功，当前位姿为[-0.26121913999999996, -0.6372258040000001, 0.218856231, 2.035495790285408, -0.26462690845384285, -1.726009120399868]
2025-11-25 20:30:56 - __main__ - INFO: ===采集第32次数据！
2025-11-25 20:31:10 - __main__ - INFO: 获取状态：成功，当前位姿为[-0.322708665, -0.686967231, 0.21381150299999999, 2.4281264376241616, -0.2589537331735278, -1.547473649080129]
2025-11-25 20:31:10 - __main__ - INFO: ===采集第33次数据！
2025-11-25 20:31:21 - __main__ - INFO: 获取状态：成功，当前位姿为[-0.263896522, -0.6333232860000001, 0.168695654, 2.86078825339263, -0.5639222517711376, -0.22654066512938048]
2025-11-25 20:31:21 - __main__ - INFO: ===采集第34次数据！
2025-11-25 20:31:25 - __main__ - INFO: 获取状态：成功，当前位姿为[-0.18063948, -0.655142765, 0.257800366, 2.6559748779620613, -0.983185262138508, 0.004079584953489106]
2025-11-25 20:31:25 - __main__ - INFO: ===采集第35次数据！
2025-11-25 20:31:34 - __main__ - INFO: 获取状态：成功，当前位姿为[-0.349637989, -0.679471092, 0.235532311, 2.182932513754214, -0.5863245824647436, 0.13082118898982]
2025-11-25 20:31:34 - __main__ - INFO: ===采集第36次数据！
2025-11-25 20:31:41 - __main__ - INFO: 获取状态：成功，当前位姿为[-0.40498987, -0.7247883970000001, 0.223719166, 2.412242754607122, -0.21928990419148028, -0.6150080215237191]
2025-11-25 20:31:41 - __main__ - INFO: ===采集第37次数据！
2025-11-25 20:31:52 - __main__ - INFO: 获取状态：成功，当前位姿为[-0.34438725, -0.733952697, 0.269764098, 2.1684523721617506, -0.16100468618100716, -1.2265482658099434]
2025-11-25 20:31:52 - __main__ - INFO: ===采集第38次数据！
2025-11-25 20:32:02 - __main__ - INFO: 获取状态：成功，当前位姿为[-0.36956672500000004, -0.6666958080000001, 0.225122413, 2.228716584104475, 0.33249356517874423, -1.219365607619456]
2025-11-25 20:32:02 - __main__ - INFO: ===采集第39次数据！
2025-11-25 20:32:11 - __main__ - INFO: 获取状态：成功，当前位姿为[-0.262393541, -0.651615812, 0.19991814500000002, 2.524122443730408, -0.5097035636513487, 0.24242340566862414]
2025-11-25 20:32:11 - __main__ - INFO: ===采集第40次数据！
2025-11-25 20:32:33 - __main__ - INFO: current_path： /home/zsl/lzk/project_11.19/Modules/hand_eye_calibration-main/eye_hand_data
2025-11-25 20:32:33 - __main__ - INFO: 总共0 张图片中, 0张检测到棋盘格角点
2025-11-25 20:35:46 - __main__ - INFO: current_path： /home/zsl/lzk/project_11.19/Modules/hand_eye_calibration-main/eye_hand_data
2025-11-25 20:35:46 - __main__ - INFO: 总共0 张图片中, 0张检测到棋盘格角点
2025-11-25 20:36:43 - __main__ - INFO: current_path： /home/zsl/lzk/project_11.19/Modules/hand_eye_calibration-main/eye_hand_data
2025-11-25 20:36:43 - __main__ - INFO: images_path :eye_hand_data/data20251125
2025-11-25 20:36:43 - __main__ - INFO: 总共0 张图片中, 0张检测到棋盘格角点
2025-11-25 20:37:42 - __main__ - INFO: current_path： /home/zsl/lzk/project_11.19/Modules/hand_eye_calibration-main/eye_hand_data
2025-11-25 20:37:42 - __main__ - INFO: images_path :/home/zsl/lzk/project_11.19/Modules/hand_eye_calibration-main/eye_hand_data/data20251125
2025-11-25 20:37:42 - __main__ - INFO: 读 /home/zsl/lzk/project_11.19/Modules/hand_eye_calibration-main/eye_hand_data/data20251125/1.jpg
2025-11-25 20:37:42 - __main__ - INFO: 图像 1 检测到棋盘格角点
2025-11-25 20:37:42 - __main__ - INFO: 读 /home/zsl/lzk/project_11.19/Modules/hand_eye_calibration-main/eye_hand_data/data20251125/2.jpg
2025-11-25 20:37:42 - __main__ - INFO: 图像 2 检测到棋盘格角点
2025-11-25 20:37:42 - __main__ - INFO: 读 /home/zsl/lzk/project_11.19/Modules/hand_eye_calibration-main/eye_hand_data/data20251125/3.jpg
2025-11-25 20:37:42 - __main__ - INFO: 图像 3 检测到棋盘格角点
2025-11-25 20:37:42 - __main__ - INFO: 读 /home/zsl/lzk/project_11.19/Modules/hand_eye_calibration-main/eye_hand_data/data20251125/4.jpg
2025-11-25 20:37:42 - __main__ - INFO: 图像 4 检测到棋盘格角点
2025-11-25 20:37:42 - __main__ - INFO: 读 /home/zsl/lzk/project_11.19/Modules/hand_eye_calibration-main/eye_hand_data/data20251125/5.jpg
2025-11-25 20:37:42 - __main__ - INFO: 图像 5 检测到棋盘格角点
2025-11-25 20:37:42 - __main__ - INFO: 读 /home/zsl/lzk/project_11.19/Modules/hand_eye_calibration-main/eye_hand_data/data20251125/6.jpg
2025-11-25 20:37:42 - __main__ - INFO: 图像 6 检测到棋盘格角点
2025-11-25 20:37:42 - __main__ - INFO: 读 /home/zsl/lzk/project_11.19/Modules/hand_eye_calibration-main/eye_hand_data/data20251125/7.jpg
2025-11-25 20:37:42 - __main__ - INFO: 图像 7 检测到棋盘格角点
2025-11-25 20:37:42 - __main__ - INFO: 读 /home/zsl/lzk/project_11.19/Modules/hand_eye_calibration-main/eye_hand_data/data20251125/8.jpg
2025-11-25 20:37:42 - __main__ - INFO: 图像 8 检测到棋盘格角点
2025-11-25 20:37:42 - __main__ - INFO: 读 /home/zsl/lzk/project_11.19/Modules/hand_eye_calibration-main/eye_hand_data/data20251125/9.jpg
2025-11-25 20:37:42 - __main__ - INFO: 图像 9 检测到棋盘格角点
2025-11-25 20:37:42 - __main__ - INFO: 读 /home/zsl/lzk/project_11.19/Modules/hand_eye_calibration-main/eye_hand_data/data20251125/10.jpg
2025-11-25 20:37:42 - __main__ - INFO: 图像 10 检测到棋盘格角点
2025-11-25 20:37:42 - __main__ - INFO: 读 /home/zsl/lzk/project_11.19/Modules/hand_eye_calibration-main/eye_hand_data/data20251125/11.jpg
2025-11-25 20:37:42 - __main__ - INFO: 图像 11 检测到棋盘格角点
2025-11-25 20:37:42 - __main__ - INFO: 读 /home/zsl/lzk/project_11.19/Modules/hand_eye_calibration-main/eye_hand_data/data20251125/12.jpg
2025-11-25 20:37:42 - __main__ - INFO: 图像 12 检测到棋盘格角点
2025-11-25 20:37:42 - __main__ - INFO: 读 /home/zsl/lzk/project_11.19/Modules/hand_eye_calibration-main/eye_hand_data/data20251125/13.jpg
2025-11-25 20:37:42 - __main__ - INFO: 图像 13 检测到棋盘格角点
2025-11-25 20:37:42 - __main__ - INFO: 读 /home/zsl/lzk/project_11.19/Modules/hand_eye_calibration-main/eye_hand_data/data20251125/14.jpg
2025-11-25 20:37:42 - __main__ - INFO: 图像 14 检测到棋盘格角点
2025-11-25 20:37:42 - __main__ - INFO: 读 /home/zsl/lzk/project_11.19/Modules/hand_eye_calibration-main/eye_hand_data/data20251125/15.jpg
2025-11-25 20:37:42 - __main__ - INFO: 图像 15 检测到棋盘格角点
2025-11-25 20:37:42 - __main__ - INFO: 读 /home/zsl/lzk/project_11.19/Modules/hand_eye_calibration-main/eye_hand_data/data20251125/16.jpg
2025-11-25 20:37:42 - __main__ - INFO: 图像 16 检测到棋盘格角点
2025-11-25 20:37:42 - __main__ - INFO: 读 /home/zsl/lzk/project_11.19/Modules/hand_eye_calibration-main/eye_hand_data/data20251125/17.jpg
2025-11-25 20:37:42 - __main__ - INFO: 图像 17 检测到棋盘格角点
2025-11-25 20:37:42 - __main__ - INFO: 读 /home/zsl/lzk/project_11.19/Modules/hand_eye_calibration-main/eye_hand_data/data20251125/18.jpg
2025-11-25 20:37:42 - __main__ - INFO: 图像 18 检测到棋盘格角点
2025-11-25 20:37:42 - __main__ - INFO: 读 /home/zsl/lzk/project_11.19/Modules/hand_eye_calibration-main/eye_hand_data/data20251125/19.jpg
2025-11-25 20:37:42 - __main__ - INFO: 图像 19 检测到棋盘格角点
2025-11-25 20:37:42 - __main__ - INFO: 读 /home/zsl/lzk/project_11.19/Modules/hand_eye_calibration-main/eye_hand_data/data20251125/20.jpg
2025-11-25 20:37:42 - __main__ - INFO: 图像 20 检测到棋盘格角点
2025-11-25 20:37:42 - __main__ - INFO: 读 /home/zsl/lzk/project_11.19/Modules/hand_eye_calibration-main/eye_hand_data/data20251125/21.jpg
2025-11-25 20:37:42 - __main__ - INFO: 图像 21 检测到棋盘格角点
2025-11-25 20:37:42 - __main__ - INFO: 读 /home/zsl/lzk/project_11.19/Modules/hand_eye_calibration-main/eye_hand_data/data20251125/22.jpg
2025-11-25 20:37:42 - __main__ - INFO: 图像 22 检测到棋盘格角点
2025-11-25 20:37:42 - __main__ - INFO: 读 /home/zsl/lzk/project_11.19/Modules/hand_eye_calibration-main/eye_hand_data/data20251125/23.jpg
2025-11-25 20:37:42 - __main__ - INFO: 图像 23 检测到棋盘格角点
2025-11-25 20:37:42 - __main__ - INFO: 读 /home/zsl/lzk/project_11.19/Modules/hand_eye_calibration-main/eye_hand_data/data20251125/24.jpg
2025-11-25 20:37:42 - __main__ - INFO: 图像 24 检测到棋盘格角点
2025-11-25 20:37:42 - __main__ - INFO: 读 /home/zsl/lzk/project_11.19/Modules/hand_eye_calibration-main/eye_hand_data/data20251125/25.jpg
2025-11-25 20:37:42 - __main__ - INFO: 图像 25 检测到棋盘格角点
2025-11-25 20:37:42 - __main__ - INFO: 读 /home/zsl/lzk/project_11.19/Modules/hand_eye_calibration-main/eye_hand_data/data20251125/26.jpg
2025-11-25 20:37:42 - __main__ - INFO: 图像 26 检测到棋盘格角点
2025-11-25 20:37:42 - __main__ - INFO: 读 /home/zsl/lzk/project_11.19/Modules/hand_eye_calibration-main/eye_hand_data/data20251125/27.jpg
2025-11-25 20:37:42 - __main__ - INFO: 图像 27 检测到棋盘格角点
2025-11-25 20:37:42 - __main__ - INFO: 读 /home/zsl/lzk/project_11.19/Modules/hand_eye_calibration-main/eye_hand_data/data20251125/28.jpg
2025-11-25 20:37:42 - __main__ - INFO: 图像 28 检测到棋盘格角点
2025-11-25 20:37:42 - __main__ - INFO: 读 /home/zsl/lzk/project_11.19/Modules/hand_eye_calibration-main/eye_hand_data/data20251125/29.jpg
2025-11-25 20:37:42 - __main__ - INFO: 图像 29 检测到棋盘格角点
2025-11-25 20:37:42 - __main__ - INFO: 读 /home/zsl/lzk/project_11.19/Modules/hand_eye_calibration-main/eye_hand_data/data20251125/30.jpg
2025-11-25 20:37:42 - __main__ - INFO: 图像 30 检测到棋盘格角点
2025-11-25 20:37:42 - __main__ - INFO: 读 /home/zsl/lzk/project_11.19/Modules/hand_eye_calibration-main/eye_hand_data/data20251125/31.jpg
2025-11-25 20:37:42 - __main__ - INFO: 图像 31 检测到棋盘格角点
2025-11-25 20:37:42 - __main__ - INFO: 读 /home/zsl/lzk/project_11.19/Modules/hand_eye_calibration-main/eye_hand_data/data20251125/32.jpg
2025-11-25 20:37:42 - __main__ - INFO: 图像 32 检测到棋盘格角点
2025-11-25 20:37:42 - __main__ - INFO: 读 /home/zsl/lzk/project_11.19/Modules/hand_eye_calibration-main/eye_hand_data/data20251125/33.jpg
2025-11-25 20:37:42 - __main__ - INFO: 图像 33 检测到棋盘格角点
2025-11-25 20:37:42 - __main__ - INFO: 读 /home/zsl/lzk/project_11.19/Modules/hand_eye_calibration-main/eye_hand_data/data20251125/34.jpg
2025-11-25 20:37:42 - __main__ - INFO: 图像 34 检测到棋盘格角点
2025-11-25 20:37:42 - __main__ - INFO: 读 /home/zsl/lzk/project_11.19/Modules/hand_eye_calibration-main/eye_hand_data/data20251125/35.jpg
2025-11-25 20:37:42 - __main__ - INFO: 图像 35 检测到棋盘格角点
2025-11-25 20:37:42 - __main__ - INFO: 读 /home/zsl/lzk/project_11.19/Modules/hand_eye_calibration-main/eye_hand_data/data20251125/36.jpg
2025-11-25 20:37:43 - __main__ - INFO: 图像 36 检测到棋盘格角点
2025-11-25 20:37:43 - __main__ - INFO: 读 /home/zsl/lzk/project_11.19/Modules/hand_eye_calibration-main/eye_hand_data/data20251125/37.jpg
2025-11-25 20:37:43 - __main__ - INFO: 图像 37 检测到棋盘格角点
2025-11-25 20:37:43 - __main__ - INFO: 读 /home/zsl/lzk/project_11.19/Modules/hand_eye_calibration-main/eye_hand_data/data20251125/38.jpg
2025-11-25 20:37:43 - __main__ - INFO: 图像 38 检测到棋盘格角点
2025-11-25 20:37:43 - __main__ - INFO: 读 /home/zsl/lzk/project_11.19/Modules/hand_eye_calibration-main/eye_hand_data/data20251125/39.jpg
2025-11-25 20:37:43 - __main__ - INFO: 图像 39 检测到棋盘格角点
2025-11-25 20:37:43 - __main__ - INFO: 读 /home/zsl/lzk/project_11.19/Modules/hand_eye_calibration-main/eye_hand_data/data20251125/40.jpg
2025-11-25 20:37:43 - __main__ - INFO: 图像 40 检测到棋盘格角点
2025-11-25 20:37:43 - __main__ - INFO: 总共40 张图片中, 40张检测到棋盘格角点
2025-11-25 20:37:43 - __main__ - INFO: 内参矩阵:
:[[628.77969479   0.         662.10508256]
 [  0.         627.99375281 349.23865973]
 [  0.           0.           1.        ]]
2025-11-25 20:37:43 - __main__ - INFO: 畸变系数:
:[[-0.06656697  0.05817578 -0.00485461  0.00338863 -0.02526062]]
2025-11-25 20:37:43 - __main__ - INFO: 标定板相对相机的旋转矩阵:
:(array([[ 0.12299318],
       [-0.08917873],
       [-1.60050247]]), array([[-0.32733001],
       [ 0.39499504],
       [-1.57141855]]), array([[ 0.48078529],
       [-0.33268565],
       [-1.59937163]]), array([[ 0.10356289],
       [ 0.33567906],
       [-1.4853478 ]]), array([[ 0.00478425],
       [ 0.16741976],
       [-1.543761  ]]), array([[ 0.72947408],
       [-0.16533526],
       [-1.38351676]]), array([[-0.20093151],
       [ 0.60156251],
       [-1.46035633]]), array([[ 0.79615842],
       [-0.2444084 ],
       [-1.62650748]]), array([[-0.29181032],
       [ 0.71319027],
       [-1.22560585]]), array([[-0.29826227],
       [-0.23673106],
       [-1.44299114]]), array([[-0.63669358],
       [ 0.16317638],
       [-1.51008717]]), array([[ 0.29885003],
       [-0.41078169],
       [-1.31854131]]), array([[ 0.59721038],
       [-0.0345089 ],
       [-1.46426131]]), array([[-0.07641948],
       [ 0.12251687],
       [-0.12983717]]), array([[ 0.15561074],
       [-0.29285943],
       [ 0.11237705]]), array([[0.11882149],
       [0.24229201],
       [0.04851555]]), array([[ 0.62955801],
       [ 1.00602043],
       [-1.43858933]]), array([[ 0.22730473],
       [ 0.71116996],
       [-0.76710085]]), array([[ 0.51436323],
       [-0.23291235],
       [-0.16130466]]), array([[ 0.63195691],
       [-0.58395052],
       [-0.54126893]]), array([[ 0.25847683],
       [-0.21856914],
       [-1.00505155]]), array([[ 0.02545832],
       [ 0.60179048],
       [-1.23037821]]), array([[-0.06217168],
       [ 0.72905934],
       [-2.30819009]]), array([[ 0.56055391],
       [ 0.20281684],
       [-2.17181116]]), array([[ 0.39827419],
       [-0.25349374],
       [-1.8723671 ]]), array([[ 0.1459419 ],
       [ 0.00178877],
       [-1.78399301]]), array([[ 0.21803386],
       [ 0.41448253],
       [-0.69508839]]), array([[ 0.47877799],
       [ 0.11956698],
       [-0.19105974]]), array([[ 0.18198241],
       [-0.33095516],
       [ 0.64904642]]), array([[ 0.5992601 ],
       [-0.04088994],
       [-1.13258169]]), array([[-0.19572274],
       [ 0.6576044 ],
       [-1.16234524]]), array([[-0.23639173],
       [ 0.38087231],
       [-0.24636352]]), array([[-0.17325335],
       [ 0.52612929],
       [-0.6945193 ]]), array([[ 0.5110702 ],
       [ 0.02323636],
       [-2.06229307]]), array([[ 0.1551215 ],
       [-0.10247763],
       [-2.41038831]]), array([[ 0.14812382],
       [-0.52583866],
       [-1.95331986]]), array([[ 0.27650786],
       [-0.05446938],
       [-1.3304408 ]]), array([[ 0.00590086],
       [ 0.17834203],
       [-0.71305781]]), array([[ 0.49256956],
       [ 0.25439812],
       [-0.57199808]]), array([[ 0.58407094],
       [-0.4620225 ],
       [-2.13116019]]))
2025-11-25 20:37:43 - __main__ - INFO: 标定板相对相机的平移向量:
:(array([[-0.06408504],
       [ 0.06599908],
       [ 0.3685753 ]]), array([[-0.07849387],
       [ 0.06768473],
       [ 0.4108565 ]]), array([[-0.04059023],
       [ 0.08000988],
       [ 0.37557586]]), array([[-0.08206718],
       [-0.01425379],
       [ 0.41863892]]), array([[-0.07666406],
       [ 0.12313389],
       [ 0.32590367]]), array([[-0.09808745],
       [ 0.11503251],
       [ 0.3407655 ]]), array([[-0.07836562],
       [ 0.09473177],
       [ 0.38213863]]), array([[-0.1498082 ],
       [ 0.07789379],
       [ 0.39163232]]), array([[-0.04385556],
       [ 0.07190774],
       [ 0.39485298]]), array([[-0.09862573],
       [ 0.07267233],
       [ 0.22781425]]), array([[-0.08937986],
       [ 0.10248737],
       [ 0.26894166]]), array([[-0.08692872],
       [ 0.12299304],
       [ 0.25526303]]), array([[-0.09906531],
       [ 0.05090295],
       [ 0.33501384]]), array([[-0.14492117],
       [-0.05513018],
       [ 0.37855598]]), array([[-0.23641318],
       [-0.06106112],
       [ 0.35693784]]), array([[-0.2333413 ],
       [-0.04889143],
       [ 0.4984534 ]]), array([[-0.03683738],
       [-0.03832745],
       [ 0.47308769]]), array([[-0.0886361 ],
       [-0.02471218],
       [ 0.45151988]]), array([[-0.20201011],
       [-0.08197981],
       [ 0.29506565]]), array([[-0.2176898 ],
       [ 0.02738433],
       [ 0.24809233]]), array([[-0.216303  ],
       [ 0.09621464],
       [ 0.29536639]]), array([[-0.08008706],
       [ 0.02152607],
       [ 0.38489271]]), array([[-0.01647605],
       [ 0.02686076],
       [ 0.43586754]]), array([[-0.03675308],
       [ 0.05909771],
       [ 0.47210028]]), array([[-0.16252691],
       [ 0.08578008],
       [ 0.38518328]]), array([[-0.20260143],
       [ 0.07960039],
       [ 0.383255  ]]), array([[-0.15149856],
       [-0.00188479],
       [ 0.38492424]]), array([[-0.1619074 ],
       [-0.08432033],
       [ 0.31051172]]), array([[-0.12772499],
       [-0.12286247],
       [ 0.31235014]]), array([[-0.13714217],
       [ 0.05891153],
       [ 0.3048002 ]]), array([[-0.10759366],
       [ 0.03312399],
       [ 0.38616062]]), array([[-0.06652035],
       [-0.06639544],
       [ 0.41772655]]), array([[-0.15310179],
       [-0.00335842],
       [ 0.39356527]]), array([[-0.07255102],
       [ 0.07373256],
       [ 0.42825784]]), array([[0.01667662],
       [0.03281861],
       [0.34931705]]), array([[-0.15844491],
       [ 0.03506077],
       [ 0.32969821]]), array([[-0.23003145],
       [ 0.06117215],
       [ 0.3190469 ]]), array([[-0.16716864],
       [-0.00329627],
       [ 0.29880569]]), array([[-0.18714393],
       [-0.00685313],
       [ 0.35477799]]), array([[-0.05075226],
       [ 0.05638595],
       [ 0.37540162]]))
2025-11-25 20:37:43 - __main__ - INFO: 末端对基座的平移向量:
:[array([-0.18514419, -0.63051625, -0.37914096]), array([-0.50297586, -0.42487501, -0.37242623]), array([ 0.06433014, -0.66127142, -0.33124093]), array([-0.38099463, -0.56099625, -0.15550971]), array([-0.41281257, -0.62330418, -0.3775284 ]), array([ 0.05635074, -0.75732254, -0.27079139]), array([-0.64175374, -0.4101399 , -0.24631651]), array([ 0.25597317, -0.70538334, -0.15143578]), array([-0.72353558, -0.22458111, -0.20593416]), array([-0.28092366, -0.52130603, -0.68967418]), array([-0.51779645, -0.33749639, -0.65789704]), array([-0.0455525 , -0.65940507, -0.59411105]), array([-0.0479844 , -0.76047081, -0.17240155]), array([-0.68893285, -0.19912279, -0.31111784]), array([-0.58025397, -0.14974949, -0.58790909]), array([-0.63726454, -0.22165267, -0.28615509]), array([-0.3454343 , -0.40671444,  0.35377265]), array([-0.55236486, -0.40774541,  0.05407647]), array([-0.33109173, -0.50111384, -0.57727033]), array([-0.00015499, -0.4724667 , -0.78295185]), array([-0.20668441, -0.61336701, -0.62474327]), array([-0.60508114, -0.45006863, -0.08892493]), array([-0.48711907, -0.48635371,  0.02865459]), array([-0.06181892, -0.64407118,  0.10842083]), array([ 0.16758051, -0.73751286, -0.19303373]), array([-0.07257333, -0.75700891, -0.25392336]), array([-0.55535714, -0.51109601, -0.15940611]), array([-0.43990448, -0.5999979 , -0.28564062]), array([-0.70365151, -0.14122948, -0.38203489]), array([-0.11785508, -0.76348151, -0.29794563]), array([-0.69165622, -0.33447688, -0.16663852]), array([-0.70386835, -0.1037066 , -0.12650891]), array([-0.7113578 , -0.27747721, -0.19686722]), array([ 0.00694442, -0.70645359,  0.00854898]), array([-0.1129361 , -0.71666041, -0.04412466]), array([ 0.23226393, -0.71857383, -0.26288453]), array([-0.13396869, -0.74845466, -0.40156357]), array([-0.61047801, -0.46576498, -0.37475511]), array([-0.39793312, -0.64968591, -0.22649594]), array([ 0.26134036, -0.68157886, -0.02392235])]
2025-11-25 20:37:43 - __main__ - INFO: 旋转矩阵是:
 [[ 0.99973908 -0.01340421  0.01849603]
 [-0.02228943 -0.74954646  0.66157636]
 [ 0.00499572 -0.66181601 -0.74964966]]
2025-11-25 20:37:43 - __main__ - INFO: 平移向量是:
 [[-0.23505355]
 [-0.92798298]
 [ 0.54279094]]
2025-11-25 20:37:43 - __main__ - INFO: 四元数是：
 [ 0.93527205 -0.00954098  0.00627939 -0.3537453 ]
2025-11-25 21:09:11 - __main__ - INFO: current_path： /home/zsl/lzk/project_11.19/Modules/hand_eye_calibration-main/eye_hand_data
2025-11-25 21:09:11 - __main__ - INFO: images_path :/home/zsl/lzk/project_11.19/Modules/hand_eye_calibration-main/eye_hand_data/data20251125
2025-11-25 21:09:11 - __main__ - INFO: 读 /home/zsl/lzk/project_11.19/Modules/hand_eye_calibration-main/eye_hand_data/data20251125/1.jpg
2025-11-25 21:09:11 - __main__ - INFO: 图像 1 检测到棋盘格角点
2025-11-25 21:09:11 - __main__ - INFO: 读 /home/zsl/lzk/project_11.19/Modules/hand_eye_calibration-main/eye_hand_data/data20251125/2.jpg
2025-11-25 21:09:11 - __main__ - INFO: 图像 2 检测到棋盘格角点
2025-11-25 21:09:11 - __main__ - INFO: 读 /home/zsl/lzk/project_11.19/Modules/hand_eye_calibration-main/eye_hand_data/data20251125/3.jpg
2025-11-25 21:09:11 - __main__ - INFO: 图像 3 检测到棋盘格角点
2025-11-25 21:09:11 - __main__ - INFO: 读 /home/zsl/lzk/project_11.19/Modules/hand_eye_calibration-main/eye_hand_data/data20251125/4.jpg
2025-11-25 21:09:11 - __main__ - INFO: 图像 4 检测到棋盘格角点
2025-11-25 21:09:11 - __main__ - INFO: 读 /home/zsl/lzk/project_11.19/Modules/hand_eye_calibration-main/eye_hand_data/data20251125/5.jpg
2025-11-25 21:09:11 - __main__ - INFO: 图像 5 检测到棋盘格角点
2025-11-25 21:09:11 - __main__ - INFO: 读 /home/zsl/lzk/project_11.19/Modules/hand_eye_calibration-main/eye_hand_data/data20251125/6.jpg
2025-11-25 21:09:11 - __main__ - INFO: 图像 6 检测到棋盘格角点
2025-11-25 21:09:11 - __main__ - INFO: 读 /home/zsl/lzk/project_11.19/Modules/hand_eye_calibration-main/eye_hand_data/data20251125/7.jpg
2025-11-25 21:09:11 - __main__ - INFO: 图像 7 检测到棋盘格角点
2025-11-25 21:09:11 - __main__ - INFO: 读 /home/zsl/lzk/project_11.19/Modules/hand_eye_calibration-main/eye_hand_data/data20251125/8.jpg
2025-11-25 21:09:11 - __main__ - INFO: 图像 8 检测到棋盘格角点
2025-11-25 21:09:11 - __main__ - INFO: 读 /home/zsl/lzk/project_11.19/Modules/hand_eye_calibration-main/eye_hand_data/data20251125/9.jpg
2025-11-25 21:09:11 - __main__ - INFO: 图像 9 检测到棋盘格角点
2025-11-25 21:09:11 - __main__ - INFO: 读 /home/zsl/lzk/project_11.19/Modules/hand_eye_calibration-main/eye_hand_data/data20251125/10.jpg
2025-11-25 21:09:11 - __main__ - INFO: 图像 10 检测到棋盘格角点
2025-11-25 21:09:11 - __main__ - INFO: 读 /home/zsl/lzk/project_11.19/Modules/hand_eye_calibration-main/eye_hand_data/data20251125/11.jpg
2025-11-25 21:09:11 - __main__ - INFO: 图像 11 检测到棋盘格角点
2025-11-25 21:09:11 - __main__ - INFO: 读 /home/zsl/lzk/project_11.19/Modules/hand_eye_calibration-main/eye_hand_data/data20251125/12.jpg
2025-11-25 21:09:11 - __main__ - INFO: 图像 12 检测到棋盘格角点
2025-11-25 21:09:11 - __main__ - INFO: 读 /home/zsl/lzk/project_11.19/Modules/hand_eye_calibration-main/eye_hand_data/data20251125/13.jpg
2025-11-25 21:09:11 - __main__ - INFO: 图像 13 检测到棋盘格角点
2025-11-25 21:09:11 - __main__ - INFO: 读 /home/zsl/lzk/project_11.19/Modules/hand_eye_calibration-main/eye_hand_data/data20251125/14.jpg
2025-11-25 21:09:11 - __main__ - INFO: 图像 14 检测到棋盘格角点
2025-11-25 21:09:11 - __main__ - INFO: 读 /home/zsl/lzk/project_11.19/Modules/hand_eye_calibration-main/eye_hand_data/data20251125/15.jpg
2025-11-25 21:09:11 - __main__ - INFO: 图像 15 检测到棋盘格角点
2025-11-25 21:09:11 - __main__ - INFO: 读 /home/zsl/lzk/project_11.19/Modules/hand_eye_calibration-main/eye_hand_data/data20251125/16.jpg
2025-11-25 21:09:11 - __main__ - INFO: 图像 16 检测到棋盘格角点
2025-11-25 21:09:11 - __main__ - INFO: 读 /home/zsl/lzk/project_11.19/Modules/hand_eye_calibration-main/eye_hand_data/data20251125/17.jpg
2025-11-25 21:09:11 - __main__ - INFO: 图像 17 检测到棋盘格角点
2025-11-25 21:09:11 - __main__ - INFO: 读 /home/zsl/lzk/project_11.19/Modules/hand_eye_calibration-main/eye_hand_data/data20251125/18.jpg
2025-11-25 21:09:11 - __main__ - INFO: 图像 18 检测到棋盘格角点
2025-11-25 21:09:11 - __main__ - INFO: 读 /home/zsl/lzk/project_11.19/Modules/hand_eye_calibration-main/eye_hand_data/data20251125/19.jpg
2025-11-25 21:09:11 - __main__ - INFO: 图像 19 检测到棋盘格角点
2025-11-25 21:09:11 - __main__ - INFO: 读 /home/zsl/lzk/project_11.19/Modules/hand_eye_calibration-main/eye_hand_data/data20251125/20.jpg
2025-11-25 21:09:11 - __main__ - INFO: 图像 20 检测到棋盘格角点
2025-11-25 21:09:11 - __main__ - INFO: 读 /home/zsl/lzk/project_11.19/Modules/hand_eye_calibration-main/eye_hand_data/data20251125/21.jpg
2025-11-25 21:09:11 - __main__ - INFO: 图像 21 检测到棋盘格角点
2025-11-25 21:09:11 - __main__ - INFO: 读 /home/zsl/lzk/project_11.19/Modules/hand_eye_calibration-main/eye_hand_data/data20251125/22.jpg
2025-11-25 21:09:11 - __main__ - INFO: 图像 22 检测到棋盘格角点
2025-11-25 21:09:11 - __main__ - INFO: 读 /home/zsl/lzk/project_11.19/Modules/hand_eye_calibration-main/eye_hand_data/data20251125/23.jpg
2025-11-25 21:09:11 - __main__ - INFO: 图像 23 检测到棋盘格角点
2025-11-25 21:09:11 - __main__ - INFO: 读 /home/zsl/lzk/project_11.19/Modules/hand_eye_calibration-main/eye_hand_data/data20251125/24.jpg
2025-11-25 21:09:11 - __main__ - INFO: 图像 24 检测到棋盘格角点
2025-11-25 21:09:11 - __main__ - INFO: 读 /home/zsl/lzk/project_11.19/Modules/hand_eye_calibration-main/eye_hand_data/data20251125/25.jpg
2025-11-25 21:09:11 - __main__ - INFO: 图像 25 检测到棋盘格角点
2025-11-25 21:09:11 - __main__ - INFO: 读 /home/zsl/lzk/project_11.19/Modules/hand_eye_calibration-main/eye_hand_data/data20251125/26.jpg
2025-11-25 21:09:11 - __main__ - INFO: 图像 26 检测到棋盘格角点
2025-11-25 21:09:11 - __main__ - INFO: 读 /home/zsl/lzk/project_11.19/Modules/hand_eye_calibration-main/eye_hand_data/data20251125/27.jpg
2025-11-25 21:09:11 - __main__ - INFO: 图像 27 检测到棋盘格角点
2025-11-25 21:09:11 - __main__ - INFO: 读 /home/zsl/lzk/project_11.19/Modules/hand_eye_calibration-main/eye_hand_data/data20251125/28.jpg
2025-11-25 21:09:11 - __main__ - INFO: 图像 28 检测到棋盘格角点
2025-11-25 21:09:11 - __main__ - INFO: 读 /home/zsl/lzk/project_11.19/Modules/hand_eye_calibration-main/eye_hand_data/data20251125/29.jpg
2025-11-25 21:09:11 - __main__ - INFO: 图像 29 检测到棋盘格角点
2025-11-25 21:09:11 - __main__ - INFO: 读 /home/zsl/lzk/project_11.19/Modules/hand_eye_calibration-main/eye_hand_data/data20251125/30.jpg
2025-11-25 21:09:11 - __main__ - INFO: 图像 30 检测到棋盘格角点
2025-11-25 21:09:11 - __main__ - INFO: 读 /home/zsl/lzk/project_11.19/Modules/hand_eye_calibration-main/eye_hand_data/data20251125/31.jpg
2025-11-25 21:09:11 - __main__ - INFO: 图像 31 检测到棋盘格角点
2025-11-25 21:09:11 - __main__ - INFO: 读 /home/zsl/lzk/project_11.19/Modules/hand_eye_calibration-main/eye_hand_data/data20251125/32.jpg
2025-11-25 21:09:11 - __main__ - INFO: 图像 32 检测到棋盘格角点
2025-11-25 21:09:11 - __main__ - INFO: 读 /home/zsl/lzk/project_11.19/Modules/hand_eye_calibration-main/eye_hand_data/data20251125/33.jpg
2025-11-25 21:09:11 - __main__ - INFO: 图像 33 检测到棋盘格角点
2025-11-25 21:09:11 - __main__ - INFO: 读 /home/zsl/lzk/project_11.19/Modules/hand_eye_calibration-main/eye_hand_data/data20251125/34.jpg
2025-11-25 21:09:11 - __main__ - INFO: 图像 34 检测到棋盘格角点
2025-11-25 21:09:11 - __main__ - INFO: 读 /home/zsl/lzk/project_11.19/Modules/hand_eye_calibration-main/eye_hand_data/data20251125/35.jpg
2025-11-25 21:09:11 - __main__ - INFO: 图像 35 检测到棋盘格角点
2025-11-25 21:09:11 - __main__ - INFO: 读 /home/zsl/lzk/project_11.19/Modules/hand_eye_calibration-main/eye_hand_data/data20251125/36.jpg
2025-11-25 21:09:11 - __main__ - INFO: 图像 36 检测到棋盘格角点
2025-11-25 21:09:11 - __main__ - INFO: 读 /home/zsl/lzk/project_11.19/Modules/hand_eye_calibration-main/eye_hand_data/data20251125/37.jpg
2025-11-25 21:09:11 - __main__ - INFO: 图像 37 检测到棋盘格角点
2025-11-25 21:09:11 - __main__ - INFO: 读 /home/zsl/lzk/project_11.19/Modules/hand_eye_calibration-main/eye_hand_data/data20251125/38.jpg
2025-11-25 21:09:11 - __main__ - INFO: 图像 38 检测到棋盘格角点
2025-11-25 21:09:11 - __main__ - INFO: 读 /home/zsl/lzk/project_11.19/Modules/hand_eye_calibration-main/eye_hand_data/data20251125/39.jpg
2025-11-25 21:09:11 - __main__ - INFO: 图像 39 检测到棋盘格角点
2025-11-25 21:09:11 - __main__ - INFO: 读 /home/zsl/lzk/project_11.19/Modules/hand_eye_calibration-main/eye_hand_data/data20251125/40.jpg
2025-11-25 21:09:11 - __main__ - INFO: 图像 40 检测到棋盘格角点
2025-11-25 21:09:11 - __main__ - INFO: 总共40 张图片中, 40张检测到棋盘格角点
2025-11-25 21:09:12 - __main__ - INFO: 内参矩阵:
:[[628.77969479   0.         662.10508256]
 [  0.         627.99375281 349.23865973]
 [  0.           0.           1.        ]]
2025-11-25 21:09:12 - __main__ - INFO: 畸变系数:
:[[-0.06656697  0.05817578 -0.00485461  0.00338863 -0.02526062]]
2025-11-25 21:09:12 - __main__ - INFO: 标定板相对相机的旋转矩阵:
:(array([[ 0.12299318],
       [-0.08917873],
       [-1.60050247]]), array([[-0.32733001],
       [ 0.39499504],
       [-1.57141855]]), array([[ 0.48078529],
       [-0.33268565],
       [-1.59937163]]), array([[ 0.10356289],
       [ 0.33567906],
       [-1.4853478 ]]), array([[ 0.00478425],
       [ 0.16741976],
       [-1.543761  ]]), array([[ 0.72947408],
       [-0.16533526],
       [-1.38351676]]), array([[-0.20093151],
       [ 0.60156251],
       [-1.46035633]]), array([[ 0.79615842],
       [-0.2444084 ],
       [-1.62650748]]), array([[-0.29181032],
       [ 0.71319027],
       [-1.22560585]]), array([[-0.29826227],
       [-0.23673106],
       [-1.44299114]]), array([[-0.63669358],
       [ 0.16317638],
       [-1.51008717]]), array([[ 0.29885003],
       [-0.41078169],
       [-1.31854131]]), array([[ 0.59721038],
       [-0.0345089 ],
       [-1.46426131]]), array([[-0.07641948],
       [ 0.12251687],
       [-0.12983717]]), array([[ 0.15561074],
       [-0.29285943],
       [ 0.11237705]]), array([[0.11882149],
       [0.24229201],
       [0.04851555]]), array([[ 0.62955801],
       [ 1.00602043],
       [-1.43858933]]), array([[ 0.22730473],
       [ 0.71116996],
       [-0.76710085]]), array([[ 0.51436323],
       [-0.23291235],
       [-0.16130466]]), array([[ 0.63195691],
       [-0.58395052],
       [-0.54126893]]), array([[ 0.25847683],
       [-0.21856914],
       [-1.00505155]]), array([[ 0.02545832],
       [ 0.60179048],
       [-1.23037821]]), array([[-0.06217168],
       [ 0.72905934],
       [-2.30819009]]), array([[ 0.56055391],
       [ 0.20281684],
       [-2.17181116]]), array([[ 0.39827419],
       [-0.25349374],
       [-1.8723671 ]]), array([[ 0.1459419 ],
       [ 0.00178877],
       [-1.78399301]]), array([[ 0.21803386],
       [ 0.41448253],
       [-0.69508839]]), array([[ 0.47877799],
       [ 0.11956698],
       [-0.19105974]]), array([[ 0.18198241],
       [-0.33095516],
       [ 0.64904642]]), array([[ 0.5992601 ],
       [-0.04088994],
       [-1.13258169]]), array([[-0.19572274],
       [ 0.6576044 ],
       [-1.16234524]]), array([[-0.23639173],
       [ 0.38087231],
       [-0.24636352]]), array([[-0.17325335],
       [ 0.52612929],
       [-0.6945193 ]]), array([[ 0.5110702 ],
       [ 0.02323636],
       [-2.06229307]]), array([[ 0.1551215 ],
       [-0.10247763],
       [-2.41038831]]), array([[ 0.14812382],
       [-0.52583866],
       [-1.95331986]]), array([[ 0.27650786],
       [-0.05446938],
       [-1.3304408 ]]), array([[ 0.00590086],
       [ 0.17834203],
       [-0.71305781]]), array([[ 0.49256956],
       [ 0.25439812],
       [-0.57199808]]), array([[ 0.58407094],
       [-0.4620225 ],
       [-2.13116019]]))
2025-11-25 21:09:12 - __main__ - INFO: 标定板相对相机的平移向量:
:(array([[-0.06408504],
       [ 0.06599908],
       [ 0.3685753 ]]), array([[-0.07849387],
       [ 0.06768473],
       [ 0.4108565 ]]), array([[-0.04059023],
       [ 0.08000988],
       [ 0.37557586]]), array([[-0.08206718],
       [-0.01425379],
       [ 0.41863892]]), array([[-0.07666406],
       [ 0.12313389],
       [ 0.32590367]]), array([[-0.09808745],
       [ 0.11503251],
       [ 0.3407655 ]]), array([[-0.07836562],
       [ 0.09473177],
       [ 0.38213863]]), array([[-0.1498082 ],
       [ 0.07789379],
       [ 0.39163232]]), array([[-0.04385556],
       [ 0.07190774],
       [ 0.39485298]]), array([[-0.09862573],
       [ 0.07267233],
       [ 0.22781425]]), array([[-0.08937986],
       [ 0.10248737],
       [ 0.26894166]]), array([[-0.08692872],
       [ 0.12299304],
       [ 0.25526303]]), array([[-0.09906531],
       [ 0.05090295],
       [ 0.33501384]]), array([[-0.14492117],
       [-0.05513018],
       [ 0.37855598]]), array([[-0.23641318],
       [-0.06106112],
       [ 0.35693784]]), array([[-0.2333413 ],
       [-0.04889143],
       [ 0.4984534 ]]), array([[-0.03683738],
       [-0.03832745],
       [ 0.47308769]]), array([[-0.0886361 ],
       [-0.02471218],
       [ 0.45151988]]), array([[-0.20201011],
       [-0.08197981],
       [ 0.29506565]]), array([[-0.2176898 ],
       [ 0.02738433],
       [ 0.24809233]]), array([[-0.216303  ],
       [ 0.09621464],
       [ 0.29536639]]), array([[-0.08008706],
       [ 0.02152607],
       [ 0.38489271]]), array([[-0.01647605],
       [ 0.02686076],
       [ 0.43586754]]), array([[-0.03675308],
       [ 0.05909771],
       [ 0.47210028]]), array([[-0.16252691],
       [ 0.08578008],
       [ 0.38518328]]), array([[-0.20260143],
       [ 0.07960039],
       [ 0.383255  ]]), array([[-0.15149856],
       [-0.00188479],
       [ 0.38492424]]), array([[-0.1619074 ],
       [-0.08432033],
       [ 0.31051172]]), array([[-0.12772499],
       [-0.12286247],
       [ 0.31235014]]), array([[-0.13714217],
       [ 0.05891153],
       [ 0.3048002 ]]), array([[-0.10759366],
       [ 0.03312399],
       [ 0.38616062]]), array([[-0.06652035],
       [-0.06639544],
       [ 0.41772655]]), array([[-0.15310179],
       [-0.00335842],
       [ 0.39356527]]), array([[-0.07255102],
       [ 0.07373256],
       [ 0.42825784]]), array([[0.01667662],
       [0.03281861],
       [0.34931705]]), array([[-0.15844491],
       [ 0.03506077],
       [ 0.32969821]]), array([[-0.23003145],
       [ 0.06117215],
       [ 0.3190469 ]]), array([[-0.16716864],
       [-0.00329627],
       [ 0.29880569]]), array([[-0.18714393],
       [-0.00685313],
       [ 0.35477799]]), array([[-0.05075226],
       [ 0.05638595],
       [ 0.37540162]]))
2025-11-25 21:09:12 - __main__ - INFO: 末端对基座的平移向量:
:[array([-0.18514419, -0.63051625, -0.37914096]), array([-0.50297586, -0.42487501, -0.37242623]), array([ 0.06433014, -0.66127142, -0.33124093]), array([-0.38099463, -0.56099625, -0.15550971]), array([-0.41281257, -0.62330418, -0.3775284 ]), array([ 0.05635074, -0.75732254, -0.27079139]), array([-0.64175374, -0.4101399 , -0.24631651]), array([ 0.25597317, -0.70538334, -0.15143578]), array([-0.72353558, -0.22458111, -0.20593416]), array([-0.28092366, -0.52130603, -0.68967418]), array([-0.51779645, -0.33749639, -0.65789704]), array([-0.0455525 , -0.65940507, -0.59411105]), array([-0.0479844 , -0.76047081, -0.17240155]), array([-0.68893285, -0.19912279, -0.31111784]), array([-0.58025397, -0.14974949, -0.58790909]), array([-0.63726454, -0.22165267, -0.28615509]), array([-0.3454343 , -0.40671444,  0.35377265]), array([-0.55236486, -0.40774541,  0.05407647]), array([-0.33109173, -0.50111384, -0.57727033]), array([-0.00015499, -0.4724667 , -0.78295185]), array([-0.20668441, -0.61336701, -0.62474327]), array([-0.60508114, -0.45006863, -0.08892493]), array([-0.48711907, -0.48635371,  0.02865459]), array([-0.06181892, -0.64407118,  0.10842083]), array([ 0.16758051, -0.73751286, -0.19303373]), array([-0.07257333, -0.75700891, -0.25392336]), array([-0.55535714, -0.51109601, -0.15940611]), array([-0.43990448, -0.5999979 , -0.28564062]), array([-0.70365151, -0.14122948, -0.38203489]), array([-0.11785508, -0.76348151, -0.29794563]), array([-0.69165622, -0.33447688, -0.16663852]), array([-0.70386835, -0.1037066 , -0.12650891]), array([-0.7113578 , -0.27747721, -0.19686722]), array([ 0.00694442, -0.70645359,  0.00854898]), array([-0.1129361 , -0.71666041, -0.04412466]), array([ 0.23226393, -0.71857383, -0.26288453]), array([-0.13396869, -0.74845466, -0.40156357]), array([-0.61047801, -0.46576498, -0.37475511]), array([-0.39793312, -0.64968591, -0.22649594]), array([ 0.26134036, -0.68157886, -0.02392235])]
2025-11-25 21:09:12 - __main__ - INFO: 旋转矩阵是:
 [[ 0.99973908 -0.01340421  0.01849603]
 [-0.02228943 -0.74954646  0.66157636]
 [ 0.00499572 -0.66181601 -0.74964966]]
2025-11-25 21:09:12 - __main__ - INFO: 平移向量是:
 [[-0.23505355]
 [-0.92798298]
 [ 0.54279094]]
2025-11-25 21:09:12 - __main__ - INFO: 四元数是：
 [ 0.93527205 -0.00954098  0.00627939 -0.3537453 ]
