2025-11-24 22:07:36 - libs.auxiliary - INFO: create folder eye_hand_data/data20251124
2025-11-24 22:07:39 - __main__ - ERROR: 相机连接异常：Couldn't resolve requests
2025-11-24 22:11:03 - libs.auxiliary - INFO: create folder eye_hand_data/data2025112401
2025-11-24 22:11:04 - __main__ - ERROR: 相机连接异常：Couldn't resolve requests
2025-11-24 22:13:59 - libs.auxiliary - INFO: create folder eye_hand_data/data2025112402
2025-11-24 22:13:59 - __main__ - ERROR: 相机连接异常：Couldn't resolve requests
2025-11-24 22:14:22 - libs.auxiliary - INFO: create folder eye_hand_data/data2025112403
2025-11-24 22:14:23 - __main__ - INFO: 开始手眼标定程序，当前程序版号V1.0.0
2025-11-24 22:16:17 - libs.auxiliary - INFO: create folder eye_hand_data/data2025112404
2025-11-24 22:16:17 - __main__ - INFO: 开始手眼标定程序，当前程序版号V1.0.0
2025-11-24 22:16:31 - __main__ - INFO: 获取状态：成功，当前位姿为[-151.188255, -488.538817, 6.950297, -3.1344275185049963, 0.008966890831508667, 2.3128327099510493]
2025-11-24 22:16:31 - __main__ - INFO: ===采集第1次数据！
2025-11-24 22:16:42 - __main__ - INFO: 获取状态：成功，当前位姿为[-151.188255, -488.538817, 6.950297, -3.1344275185049963, 0.008966890831508667, 2.3128327099510493]
2025-11-24 22:16:42 - __main__ - INFO: ===采集第2次数据！
2025-11-24 22:16:42 - __main__ - INFO: 获取状态：成功，当前位姿为[-151.188255, -488.538817, 6.950297, -3.1344275185049963, 0.008966890831508667, 2.3128327099510493]
2025-11-24 22:16:42 - __main__ - INFO: ===采集第3次数据！
2025-11-24 22:16:43 - __main__ - INFO: 获取状态：成功，当前位姿为[-151.188255, -488.538817, 6.950297, -3.1344275185049963, 0.008966890831508667, 2.3128327099510493]
2025-11-24 22:16:43 - __main__ - INFO: ===采集第4次数据！
2025-11-24 22:17:03 - __main__ - INFO: 获取状态：成功，当前位姿为[-151.188255, -488.538817, 6.950297, -3.1344275185049963, 0.008966890831508667, 2.3128327099510493]
2025-11-24 22:17:04 - __main__ - INFO: ===采集第5次数据！
2025-11-24 22:17:04 - __main__ - INFO: 获取状态：成功，当前位姿为[-151.188255, -488.538817, 6.950297, -3.1344275185049963, 0.008966890831508667, 2.3128327099510493]
2025-11-24 22:17:04 - __main__ - INFO: ===采集第6次数据！
2025-11-24 22:17:05 - __main__ - INFO: 获取状态：成功，当前位姿为[-151.188255, -488.538817, 6.950297, -3.1344275185049963, 0.008966890831508667, 2.3128327099510493]
2025-11-24 22:17:05 - __main__ - INFO: ===采集第7次数据！
2025-11-24 22:17:05 - __main__ - INFO: 获取状态：成功，当前位姿为[-151.188255, -488.538817, 6.950297, -3.1344275185049963, 0.008966890831508667, 2.3128327099510493]
2025-11-24 22:17:05 - __main__ - INFO: ===采集第8次数据！
2025-11-24 22:17:05 - __main__ - INFO: 获取状态：成功，当前位姿为[-151.188255, -488.538817, 6.950297, -3.1344275185049963, 0.008966890831508667, 2.3128327099510493]
2025-11-24 22:17:05 - __main__ - INFO: ===采集第9次数据！
2025-11-24 22:17:06 - __main__ - INFO: 获取状态：成功，当前位姿为[-151.188255, -488.538817, 6.950297, -3.1344275185049963, 0.008966890831508667, 2.3128327099510493]
2025-11-24 22:17:06 - __main__ - INFO: ===采集第10次数据！
2025-11-24 22:17:06 - __main__ - INFO: 获取状态：成功，当前位姿为[-151.188255, -488.538817, 6.950297, -3.1344275185049963, 0.008966890831508667, 2.3128327099510493]
2025-11-24 22:17:06 - __main__ - INFO: ===采集第11次数据！
2025-11-24 22:17:06 - __main__ - INFO: 获取状态：成功，当前位姿为[-151.188255, -488.538817, 6.950297, -3.1344275185049963, 0.008966890831508667, 2.3128327099510493]
2025-11-24 22:17:06 - __main__ - INFO: ===采集第12次数据！
2025-11-24 22:17:06 - __main__ - INFO: 获取状态：成功，当前位姿为[-151.188255, -488.538817, 6.950297, -3.1344275185049963, 0.008966890831508667, 2.3128327099510493]
2025-11-24 22:17:06 - __main__ - INFO: ===采集第13次数据！
2025-11-24 22:17:06 - __main__ - INFO: 获取状态：成功，当前位姿为[-151.188255, -488.538817, 6.950297, -3.1344275185049963, 0.008966890831508667, 2.3128327099510493]
2025-11-24 22:17:06 - __main__ - INFO: ===采集第14次数据！
2025-11-24 22:17:07 - __main__ - INFO: 获取状态：成功，当前位姿为[-151.188255, -488.538817, 6.950297, -3.1344275185049963, 0.008966890831508667, 2.3128327099510493]
2025-11-24 22:17:07 - __main__ - INFO: ===采集第15次数据！
2025-11-24 22:17:07 - __main__ - INFO: 获取状态：成功，当前位姿为[-151.188255, -488.538817, 6.950297, -3.1344275185049963, 0.008966890831508667, 2.3128327099510493]
2025-11-24 22:17:07 - __main__ - INFO: ===采集第16次数据！
2025-11-24 22:17:07 - __main__ - INFO: 获取状态：成功，当前位姿为[-151.188255, -488.538817, 6.950297, -3.1344275185049963, 0.008966890831508667, 2.3128327099510493]
2025-11-24 22:17:07 - __main__ - INFO: ===采集第17次数据！
2025-11-24 22:17:07 - __main__ - INFO: 获取状态：成功，当前位姿为[-151.188255, -488.538817, 6.950297, -3.1344275185049963, 0.008966890831508667, 2.3128327099510493]
2025-11-24 22:17:07 - __main__ - INFO: ===采集第18次数据！
2025-11-24 22:17:07 - __main__ - INFO: 获取状态：成功，当前位姿为[-151.188255, -488.538817, 6.950297, -3.1344275185049963, 0.008966890831508667, 2.3128327099510493]
2025-11-24 22:17:07 - __main__ - INFO: ===采集第19次数据！
2025-11-24 22:17:08 - __main__ - INFO: 获取状态：成功，当前位姿为[-151.188255, -488.538817, 6.950297, -3.1344275185049963, 0.008966890831508667, 2.3128327099510493]
2025-11-24 22:17:08 - __main__ - INFO: ===采集第20次数据！
2025-11-24 22:17:08 - __main__ - INFO: 获取状态：成功，当前位姿为[-151.188255, -488.538817, 6.950297, -3.1344275185049963, 0.008966890831508667, 2.3128327099510493]
2025-11-24 22:17:08 - __main__ - INFO: ===采集第21次数据！
2025-11-24 22:17:08 - __main__ - INFO: 获取状态：成功，当前位姿为[-151.188255, -488.538817, 6.950297, -3.1344275185049963, 0.008966890831508667, 2.3128327099510493]
2025-11-24 22:17:08 - __main__ - INFO: ===采集第22次数据！
2025-11-24 22:17:08 - __main__ - INFO: 获取状态：成功，当前位姿为[-151.188255, -488.538817, 6.950297, -3.1344275185049963, 0.008966890831508667, 2.3128327099510493]
2025-11-24 22:17:08 - __main__ - INFO: ===采集第23次数据！
2025-11-24 22:17:08 - __main__ - INFO: 获取状态：成功，当前位姿为[-151.188255, -488.538817, 6.950297, -3.1344275185049963, 0.008966890831508667, 2.3128327099510493]
2025-11-24 22:17:08 - __main__ - INFO: ===采集第24次数据！
2025-11-24 22:17:08 - __main__ - INFO: 获取状态：成功，当前位姿为[-151.188255, -488.538817, 6.950297, -3.1344275185049963, 0.008966890831508667, 2.3128327099510493]
2025-11-24 22:17:08 - __main__ - INFO: ===采集第25次数据！
2025-11-24 22:17:09 - __main__ - INFO: 获取状态：成功，当前位姿为[-151.188255, -488.538817, 6.950297, -3.1344275185049963, 0.008966890831508667, 2.3128327099510493]
2025-11-24 22:17:09 - __main__ - INFO: ===采集第26次数据！
